gr13_1 1 532
gr13_1 579 971
gr13_1 973 1781
gr13_1 1807 2661
gr13_1 2722 3813
gr13_1 4187 4417
gr13_1 4563 5318
gr13_1 5392 6819
gr13_1 6864 7817
gr13_1 7832 8608
gr13_1 8605 9741
gr13_1 9778 10476
gr13_1 10490 12604
gr13_1 12604 13821
gr13_1 13907 14473
gr13_1 14887 16101
gr13_1 16364 17614
gr13_1 17626 18498
gr13_1 18509 19297
gr13_1 19308 23372
gr13_1 23369 25987
gr13_1 25987 26826
gr13_1 27436 27789
gr13_1 27899 28711
gr13_1 29064 29861
gr13_1 29917 30852
gr13_1 30898 31509
gr13_1 31520 33052
gr13_1 33280 34347
gr13_1 34359 35156
gr13_1 35330 36763
gr13_1 37040 37240
gr13_1 37343 37837
gr13_1 38159 39703
gr13_1 40256 41812
gr13_1 41889 42962
gr13_1 43892 45112
gr13_1 45109 46140
gr13_1 46137 47606
gr13_1 47603 48931
gr13_1 48982 49977
gr13_1 50286 50780
gr13_1 50854 51726
gr13_1 51782 52672
gr13_1 52733 53557
gr13_1 53676 54878
gr13_1 54925 55131
gr13_1 55181 55516
gr13_1 55583 55975
gr13_1 56164 57555
gr13_1 57707 58297
gr13_1 58438 59199
gr13_1 59216 60052
gr13_1 60226 60894
gr13_1 61041 61577
gr13_1 61590 62483
gr13_1 62562 62879
gr13_1 63230 63991
gr13_1 64238 66166
gr13_1 66239 66721
gr13_1 66821 67018
gr13_1 67061 67417
gr13_1 67732 68715
gr13_1 68730 71117
gr13_1 71122 71424
gr13_1 71604 72587
gr13_1 72638 73183
gr13_1 73184 73933
gr13_1 74002 74460
gr13_1 74756 75502
gr13_1 75583 77034
gr13_1 77042 78088
gr13_1 78240 79067
gr13_1 79505 81889
gr13_1 82359 83477
gr13_1 83521 83640
gr13_1 83683 86736
gr13_1 86770 87174
gr13_1 87563 87937
gr13_1 87945 89438
gr13_1 89481 90227
gr13_1 90202 91482
gr13_1 91479 92705
gr13_1 92727 93143
gr13_1 93200 94225
gr13_1 94307 94543
gr13_1 94848 96260
gr13_1 97002 98375
gr13_1 98578 99237
gr13_1 99573 100721
gr13_1 101032 102234
gr13_1 102342 103247
gr13_1 103244 104269
gr13_1 104551 104640
gr13_1 104686 105570
gr13_1 105852 106184
gr13_1 106228 106896
gr13_1 107017 107424
gr13_1 107541 108638
gr13_1 108688 109284
gr13_1 109459 109698
gr13_1 109767 110663
gr13_1 110748 111266
gr13_1 111397 111864
gr13_1 111865 113865
gr13_1 113862 114719
gr13_1 114725 114961
gr13_1 115112 115549
gr13_1 115590 116057
gr13_1 116340 117461
gr13_1 117508 117741
gr13_1 117971 119182
gr13_1 119283 119804
gr13_1 120094 120327
gr13_1 120479 121627
gr13_1 121624 122163
gr13_1 122167 122325
gr13_1 122706 122978
gr13_1 123093 123857
gr13_1 123984 126059
gr13_1 126120 128648
gr13_1 128645 130429
gr13_1 130856 131152
gr13_1 131207 132463
gr13_1 132686 134344
gr13_1 134413 136677
gr13_1 137067 137714
gr13_1 137855 138175
gr13_1 138168 138452
gr13_1 138558 138923
gr13_1 139025 140035
gr13_1 140028 140891
gr13_1 140981 141829
gr13_1 142119 142376
gr13_1 142917 143141
gr13_1 143251 143502
gr13_1 143838 144257
gr13_1 144260 145528
gr13_1 145680 145955
gr13_1 146141 146755
gr13_1 147079 147276
gr13_1 147307 147579
gr13_1 148023 148253
gr13_1 148269 148508
gr13_1 148876 149079
gr13_1 149269 149583
gr13_1 149609 150265
gr13_1 150406 151680
gr13_1 151738 152598
gr13_1 152631 153236
gr13_1 153388 154884
gr13_1 155554 156249
gr13_1 156289 157632
gr13_1 157610 158953
gr13_1 159211 159930
gr13_1 160138 160770
gr13_1 160767 161471
gr13_1 161464 162096
gr13_1 162100 163158
gr13_1 163159 165825
gr13_1 165818 166396
gr13_1 166396 166977
gr13_1 167101 167544
gr13_1 167655 167879
gr13_1 168557 169513
gr13_1 169590 171110
gr13_1 171103 172119
gr13_1 172116 173102
gr13_1 173147 173614
gr13_1 174480 175979
gr13_1 176182 177885
gr13_1 178251 179234
gr13_1 179334 180854
gr13_1 180867 181850
gr13_1 181927 182844
gr13_1 182947 183993
gr13_1 184076 185071
gr13_1 185215 186387
gr13_1 186405 187994
gr13_1 188169 189194
gr13_1 189237 190736
gr13_1 190869 192044
gr13_1 192244 193641
gr13_1 193684 194613
gr13_1 194816 196000
gr13_1 196208 196702
gr13_1 196974 197792
gr13_1 197801 198094
gr13_1 198456 201608
gr13_1 201621 202775
gr13_1 203078 203419
gr13_1 203506 203940
gr13_1 203943 204206
gr13_1 204203 206569
gr13_1 206566 209529
gr13_1 209532 210899
gr13_1 211072 212244
gr13_1 212368 212925
gr13_1 212992 213417
gr13_1 213433 213993
gr13_1 214007 214348
gr13_1 214370 216493
gr13_1 216688 217548
gr13_1 217545 218324
gr13_1 218245 219960
gr13_1 219941 220096
gr13_1 220183 221199
gr13_1 221469 222386
gr13_1 222390 223145
gr13_1 223149 223427
gr13_1 223414 224556
gr13_1 224556 226832
gr13_1 226947 227531
gr13_1 227990 228970
gr13_1 228981 229295
gr13_1 229288 230655
gr13_1 230642 231484
gr13_1 231580 231849
gr13_1 231859 232296
gr13_1 232293 232916
gr13_1 232885 233325
gr13_1 233440 234339
gr13_1 234314 235123
gr13_1 235134 236438
gr13_1 236767 237477
gr13_1 237482 237865
gr13_1 237867 238181
gr13_1 238307 239200
gr13_1 239220 239708
gr13_1 240037 240276
gr13_1 240543 240872
gr13_1 241012 241650
gr13_1 241721 242485
gr13_1 242495 243361
gr13_1 243333 244238
gr13_1 244235 245266
gr13_1 245263 246894
gr13_1 247018 248172
gr13_1 248519 249634
gr13_1 249800 250207
gr13_1 250220 251521
gr13_1 251588 251821
gr13_1 252149 252780
gr13_1 252794 253678
gr13_1 253675 254886
gr13_1 255016 255471
gr13_1 255827 257257
gr13_1 257350 258672
gr13_1 258864 259877
gr13_1 260546 262897
gr13_1 263205 264185
gr13_1 264241 265281
gr13_1 265298 266800
gr13_1 266833 267804
gr13_1 267804 268661
gr13_1 268664 269524
gr13_1 269566 270597
gr13_1 271031 271192
gr13_1 271334 271732
gr13_1 271634 271846
gr13_1 271853 272371
gr13_1 272364 273113
gr13_1 273197 273781
gr13_1 273825 274925
gr13_1 275189 275938
gr13_1 276090 277013
gr13_1 277028 277450
gr13_1 277655 277825
gr13_1 278205 279224
gr13_1 280871 281485
gr13_1 281506 282051
gr13_1 282109 282855
gr13_1 282827 285388
gr13_1 285345 286718
gr13_1 286684 287400
gr13_1 287625 287960
gr13_1 288347 290392
gr13_1 290468 291889
gr13_1 292061 292267
gr13_1 292372 293685
gr13_1 293685 293933
gr13_1 294114 294551
gr13_1 294585 295379
gr13_1 295403 296464
gr13_1 296461 298686
gr13_1 298774 299799
gr13_1 300021 301055
gr13_1 301320 302213
gr13_1 302317 304140
gr13_1 304180 304650
gr13_1 304650 305102
gr13_1 305192 306346
gr13_1 306378 306623
gr13_1 306691 307872
gr13_1 308492 309649
gr13_1 309701 311746
gr13_1 311808 312584
gr13_1 312571 314937
gr13_1 314927 316369
gr13_1 316366 317694
gr13_1 318097 318843
gr13_1 318875 319204
gr13_1 319481 319804
gr13_1 319849 320145
gr13_1 320185 321651
gr13_1 322044 322760
gr13_1 322778 323689
gr13_1 323699 324346
gr13_1 324346 325482
gr13_1 325991 327367
gr13_1 327548 328246
gr13_1 328360 329577
gr13_1 329708 330601
gr13_1 330697 331950
gr13_1 332118 332378
gr13_1 332491 333033
gr13_1 333208 334392
gr13_1 334454 334711
gr13_1 334751 335008
gr13_1 335316 335966
gr13_1 336014 336328
gr13_1 336318 337160
gr13_1 337171 338427
gr13_1 338420 339892
gr13_1 340136 341005
gr13_1 341017 341880
gr13_1 342054 343088
gr13_1 343448 343771
gr13_1 343815 343913
gr13_1 343917 344183
gr13_1 344380 345816
gr13_1 345892 347160
gr13_1 347157 348578
gr13_1 348719 349633
gr13_1 350116 351711
gr13_1 351839 353065
gr13_1 353102 353878
gr13_1 353944 355110
gr13_1 355236 356117
gr13_1 356075 357739
gr13_1 357957 359477
gr13_1 359909 361252
gr13_1 361320 362654
gr13_1 362977 363897
gr13_1 363894 364460
gr13_1 364778 365530
gr13_1 365648 366604
gr13_1 366651 368039
gr13_1 368043 369575
gr13_1 370116 371069
gr13_1 371276 372667
gr13_1 372810 373247
gr13_1 373402 374127
gr13_1 374124 375425
gr13_1 375445 376932
gr13_1 377101 377586
gr13_1 377659 377781
gr13_1 377897 378706
gr13_1 378765 382610
gr13_1 382925 383524
gr13_1 383589 383927
gr13_1 383939 384127
gr13_1 384124 386754
gr13_1 386901 387893
gr13_1 387925 388200
gr13_1 388385 389041
gr13_1 388973 389167
gr13_1 389255 389515
gr13_1 390672 391607
gr13_1 391653 391799
gr13_1 392093 393076
gr13_1 393194 394813
gr13_1 394966 395673
gr13_1 395648 396631
gr13_1 396778 397281
gr13_1 397572 399137
gr13_1 399367 399723
gr13_1 399723 400673
gr13_1 400723 402141
gr13_1 402185 403246
gr13_1 403243 404640
gr13_1 404621 404869
gr13_1 404931 405281
gr13_1 405278 405505
gr13_1 405541 406206
gr13_1 406371 407372
gr13_1 407465 408700
gr13_1 409125 409610
gr13_1 409689 410030
gr13_1 410008 410430
gr13_1 410715 412388
gr13_1 412389 413354
gr13_1 413506 413712
gr13_1 414008 414898
gr13_1 415104 415515
gr13_1 416099 416302
gr13_1 416353 416660
gr13_1 416826 417716
gr13_1 417717 418712
gr13_1 418714 419517
gr13_1 419659 420447
gr13_1 420665 421777
gr13_1 421783 422655
gr13_1 422818 423141
gr13_1 423144 423383
gr13_1 423758 424135
gr13_1 424132 425154
gr13_1 425120 427183
gr13_1 427304 428341
gr13_1 428367 430241
gr13_1 430299 432782
gr13_1 432844 433107
gr13_1 433154 433624
gr13_1 433624 434121
gr13_1 434121 437066
gr13_1 437596 438270
gr13_1 438320 439066
gr13_1 439085 439477
gr13_1 439474 439842
gr13_1 439844 440191
gr13_1 440193 440381
gr13_1 440357 440758
gr13_1 440816 441115
gr13_1 441125 442222
gr13_1 442237 442689
gr13_1 442689 443963
gr13_1 443977 444942
gr13_1 444887 446236
gr13_1 446255 447739
gr13_1 447726 448205
gr13_1 448237 448875
gr13_1 448908 449222
gr13_1 449357 449608
gr13_1 449618 451927
gr13_1 452114 452596
gr13_1 452580 453089
gr13_1 453093 453335
gr13_1 453727 454548
gr13_1 454545 455153
gr13_1 455409 455609
gr13_1 455805 456239
gr13_1 456253 456468
gr13_1 456465 456617
gr13_1 456610 457314
gr13_1 457311 458234
gr13_1 458218 459057
gr13_1 459095 459373
gr13_1 459491 459706
gr13_1 459807 460448
gr13_1 460586 462475
gr13_1 463595 463888
gr13_1 463891 464118
gr13_1 464237 464467
gr13_1 464487 464666
gr13_1 464821 464982
gr13_1 464979 465119
gr13_1 465116 465427
gr13_1 465427 466245
gr13_1 466242 467141
gr13_1 467144 467542
gr13_1 467989 468369
gr13_1 468369 468608
gr13_1 468608 468856
gr13_1 468977 469237
gr13_1 469303 469575
gr13_1 469568 469774
gr13_1 470099 470293
gr13_1 470276 471517
gr13_1 471950 472681
gr13_1 472833 474377
gr13_1 474564 476150
gr13_1 476412 478715
gr13_1 478828 480762
gr13_1 480964 483033
gr13_1 483026 483316
gr13_1 483476 485461
gr13_1 485474 486340
gr13_1 486485 487468
gr13_1 487687 488385
gr13_1 488733 488948
gr13_1 489025 489348
gr13_1 489348 490067
gr13_1 490266 491435
gr13_1 491442 491750
gr13_1 491885 492643
gr13_1 492871 493464
gr13_1 493808 496489
gr13_1 497091 497249
gr13_1 497746 498720
gr13_1 498905 501529
gr13_1 501901 502149
gr13_1 502181 503227
gr13_1 503374 504162
gr13_1 504162 504752
gr13_1 504807 505697
gr13_1 506477 507124
gr13_1 507135 507755
gr13_1 507768 508652
gr13_1 508931 510496
gr13_1 510496 511077
gr13_1 511092 512090
gr13_1 512093 513454
gr13_1 513501 514691
gr13_1 514691 515494
gr13_1 515644 515958
gr13_1 516016 516648
gr13_1 516901 517317
gr13_1 517345 518079
gr13_1 518131 518670
gr13_1 518729 519151
gr13_1 519188 519943
gr13_1 520141 520437
gr13_1 520515 520700
gr13_1 520927 521169
gr13_1 521498 521845
gr13_1 521900 522118
gr13_1 522244 523704
gr13_1 523750 524073
gr13_1 524122 525123
gr13_1 525120 526133
gr13_1 526145 527053
gr13_1 527068 527988
gr13_1 528080 529720
gr13_1 529877 531556
gr13_1 532085 532732
gr13_1 533193 535880
gr13_1 535949 536569
gr13_1 536979 537386
gr13_1 537473 538480
gr13_1 538495 539835
gr13_1 539858 540766
gr13_1 540960 541976
gr13_1 542076 542981
gr13_1 543078 543533
gr13_1 543590 544438
gr13_1 545288 546094
gr13_1 546128 546439
gr13_1 546436 548352
gr13_1 548550 549101
gr13_1 549275 551137
gr13_1 551223 552236
gr13_1 552253 552861
gr13_1 552891 553172
gr13_1 553178 553588
gr13_1 553930 554928
gr13_1 555003 555902
gr13_1 555899 556798
gr13_1 556823 557572
gr13_1 557993 559927
gr13_1 560017 561291
gr13_1 561540 563267
gr13_1 563346 563579
gr13_1 563957 565423
gr13_1 565551 566744
gr13_1 566737 567807
gr13_1 567827 569128
gr13_1 569633 571168
gr13_1 571210 571929
gr13_1 572413 572943
gr13_1 573576 574022
gr13_1 574088 574747
gr13_1 575064 575339
gr13_1 575495 576202
gr13_1 576236 577048
gr13_1 577052 577321
gr13_1 577375 578496
gr13_1 578595 580304
gr13_1 580481 581077
gr13_1 581138 581836
gr13_1 581881 583797
gr13_1 584040 584777
gr13_1 586352 586591
gr13_1 586632 587306
gr13_1 587689 587856
gr13_1 588210 588569
gr13_1 588637 588981
gr13_1 588993 589187
gr13_1 589298 590677
gr13_1 590661 591224
gr13_1 591407 592771
gr13_1 592997 594559
gr13_1 594700 596280
gr13_1 596788 597750
gr13_1 597811 598614
gr13_1 598630 599475
gr13_1 599567 600025
gr13_1 600022 600831
gr13_1 600969 601178
gr13_1 601322 601444
gr13_1 601835 602845
gr13_1 602864 603136
gr13_1 603349 603585
gr13_1 603616 604407
gr13_1 604595 605965
gr13_1 606228 607109
gr13_1 607354 609393
gr13_1 609413 610114
gr13_1 610211 610711
gr13_1 610848 612170
gr13_1 612139 614772
gr13_1 614935 616362
gr13_1 616364 617011
gr13_1 617301 617513
gr13_1 617649 618998
gr13_1 619140 621170
gr13_1 621426 622019
gr13_1 622034 623506
gr13_1 623530 625212
gr13_1 625642 625992
gr13_1 625979 626308
gr13_1 626509 627651
gr13_1 627803 628063
gr13_1 628166 628351
gr13_1 628449 628586
gr13_1 628800 629822
gr13_1 630789 631283
gr13_1 631240 631539
gr13_1 631917 632264
gr13_1 632293 633168
gr13_1 633174 633551
gr13_1 633703 633936
gr13_1 633933 634604
gr13_1 634598 636661
gr13_1 636788 637444
gr13_1 637611 638789
gr13_1 638824 639462
gr13_1 639677 641152
gr13_1 641517 642395
gr13_1 642503 643945
gr13_1 644030 645262
gr13_1 645383 646357
gr13_1 646483 647814
gr13_1 647828 648775
gr13_1 648853 649608
gr13_1 649605 650390
gr13_1 650391 651395
gr13_1 651404 652018
gr13_1 652115 652642
gr13_1 652680 653423
gr13_1 653708 654139
gr13_1 654139 655917
gr13_1 656129 656950
gr13_1 657020 657415
gr13_1 657497 658225
gr13_1 658222 659190
gr13_1 659195 659815
gr13_1 659970 661067
gr13_1 661098 661946
gr13_1 662136 662255
gr13_1 662368 663120
gr13_1 663206 664351
gr13_1 664348 664908
gr13_1 665223 665345
gr13_1 665556 667286
gr13_1 667375 668310
gr13_1 668523 669521
gr13_1 669596 669913
gr13_1 669994 670326
gr13_1 670489 670881
gr13_1 670881 672974
gr13_1 672967 674118
gr13_1 674307 674948
gr13_1 674958 675347
gr13_1 675387 676436
gr13_1 676436 677308
gr13_1 677389 679065
gr13_1 679172 680734
gr13_1 680929 682602
gr13_1 682764 683261
gr13_1 683285 685273
gr13_1 685279 686220
gr13_1 686217 687104
gr13_1 687238 687816
gr13_1 687813 688166
gr13_1 689185 690621
gr13_1 690618 691406
gr13_1 691638 693488
gr13_1 693488 694168
gr13_1 694165 695223
gr13_1 695220 695339
gr13_1 695534 696100
gr13_1 696160 696693
gr13_1 697069 697104
gr13_1 697216 698004
gr13_1 698576 699853
gr13_1 699856 700971
gr13_1 701024 701848
gr13_1 702038 703522
gr13_1 703974 707921
gr13_1 709556 710641
gr13_1 710669 710830
gr13_1 711106 711858
gr13_1 711855 712523
gr13_1 712523 713296
gr13_1 713437 714423
gr13_1 714642 715145
gr13_1 715196 715918
gr13_1 716063 717031
gr13_1 717344 718546
gr13_1 718707 719999
gr13_1 720336 721751
gr13_1 721760 722167
gr13_1 722167 722532
gr13_1 722634 724115
gr13_1 724216 724689
gr13_1 724857 725267
gr13_1 725470 725769
gr13_1 725945 726184
gr13_1 726223 726489
gr13_1 726641 726982
gr13_1 726969 727352
gr13_1 727489 728121
gr13_1 728187 728435
gr13_1 728755 728955
gr13_1 728994 729881
gr13_1 730349 730705
gr13_1 730883 731224
gr13_1 731608 731931
gr13_1 731934 732173
gr13_1 732545 733648
gr13_1 733694 734122
gr13_1 734122 734979
gr13_1 734982 735563
gr13_1 735554 736621
gr13_1 737024 737581
gr13_1 737881 738147
gr13_1 738144 738668
gr13_1 738842 739792
gr13_1 739936 740244
gr13_1 740342 740590
gr13_1 740621 741901
gr13_1 741933 742244
gr13_1 742477 744216
gr13_1 744213 745205
gr13_1 745198 745893
gr13_1 745893 747254
gr13_1 747283 747726
gr13_1 747723 748991
gr13_1 749119 749607
gr13_1 749612 750619
gr13_1 750612 751019
gr13_1 751031 751429
gr13_1 751426 752160
gr13_1 752187 752456
gr13_1 752456 753241
gr13_1 753870 754505
gr13_1 754647 756353
gr13_1 756462 756656
gr13_1 756719 756877
gr13_1 757194 757427
gr13_1 757780 758571
gr13_1 758602 759822
gr13_1 759908 760087
gr13_1 760279 760410
gr13_1 760444 761355
gr13_1 761366 761641
gr13_1 761694 762173
gr13_1 762364 763740
gr13_1 764020 764301
gr13_1 764373 765077
gr13_1 765689 766366
gr13_1 766545 767321
gr13_1 767746 768003
gr13_1 768158 768421
gr13_1 768448 768828
gr13_1 769099 769320
gr13_1 769746 769901
gr13_1 770049 771161
gr13_1 771358 772767
gr13_1 773234 774688
gr13_1 774792 776336
gr13_1 777538 777867
gr13_1 778090 778398
gr13_1 778500 779018
gr13_1 780905 782203
gr13_1 782626 783369
gr13_1 783385 784068
gr13_1 784113 785051
gr13_1 785142 786122
gr13_1 786133 787647
gr13_1 787795 790410
gr13_1 790364 791248
gr13_1 791245 792105
gr13_1 792199 793125
gr13_1 793152 793982
gr13_1 794061 794900
gr13_1 794897 795433
gr13_1 795433 796569
gr13_1 796566 797279
gr13_1 797280 798041
gr13_1 798031 798879
gr13_1 798872 799948
gr13_1 799948 800523
gr13_1 800523 800969
gr13_1 800969 801682
gr13_1 801908 802537
gr13_1 802678 803211
gr13_1 803301 804314
gr13_1 804327 805820
gr13_1 805835 807118
gr13_1 807210 808646
gr13_1 808666 809904
gr13_1 810146 811141
gr13_1 811690 813330
gr13_1 813515 814606
gr13_1 815023 817209
gr13_1 817317 818003
gr13_1 817984 819300
gr13_1 819297 820733
gr13_1 821101 821670
gr13_1 821654 821875
gr13_1 821964 822806
gr13_1 822905 824686
gr13_1 824749 826707
gr13_1 826709 828754
gr13_1 828773 829219
gr13_1 829491 830003
gr13_1 830294 831610
gr13_1 831724 832857
gr13_1 832859 833785
gr13_1 833785 834627
gr13_1 834639 835970
gr13_1 836106 837770
gr13_1 837767 838618
gr13_1 838615 839571
gr13_1 839599 841206
gr13_1 841289 842566
gr13_1 842577 843245
gr13_1 843274 844743
gr13_1 845187 846644
gr13_1 846805 847764
gr13_1 848933 849850
gr13_1 850305 851339
gr13_1 851354 852838
gr13_1 852871 853794
gr13_1 854537 855811
gr13_1 855947 856155
gr13_1 856239 857447
gr13_1 857440 858645
gr13_1 858642 860510
gr13_1 860559 861722
gr13_1 861722 862684
gr13_1 862684 863517
gr13_1 863528 864733
gr13_1 864946 865956
gr13_1 866131 866473
gr13_1 866662 867531
gr13_1 867531 868277
gr13_1 868385 868672
gr13_1 868835 869779
gr13_1 870404 871462
gr13_1 871459 873477
gr13_1 873714 874559
gr13_1 874559 874785
gr13_2 1 1347
gr13_2 1507 2412
gr13_2 2614 4596
gr13_2 4596 5090
gr13_2 5092 6303
gr13_2 6656 6958
gr13_2 6963 7310
gr13_2 7615 8838
gr13_2 9099 11261
gr13_2 11338 11739
gr13_2 11838 12119
gr13_2 12314 13618
gr13_2 13666 14736
gr13_2 14989 15534
gr13_2 15614 16924
gr13_2 16930 19215
gr13_2 19249 20010
gr13_2 20003 20926
gr13_2 20923 21819
gr13_2 22515 24437
gr13_2 24869 25129
gr13_2 25331 25465
gr13_2 25505 26236
gr13_2 26253 26792
gr13_2 26944 27576
gr13_2 27660 29042
gr13_2 29055 29885
gr13_2 29976 31097
gr13_2 31875 32219
gr13_2 32204 32515
gr13_2 32512 33534
gr13_2 33660 35879
gr13_2 36067 39162
gr13_2 39159 40256
gr13_2 40504 40827
gr13_2 40681 41703
gr13_2 41912 42874
gr13_2 42867 43640
gr13_2 43826 44740
gr13_2 44870 45931
gr13_2 46025 46351
gr13_2 46512 47570
gr13_2 47836 48999
gr13_2 49152 49361
gr13_2 49622 51049
gr13_2 51108 52463
gr13_2 52589 53374
gr13_2 53374 54018
gr13_2 54011 55273
gr13_2 55273 56178
gr13_2 56446 57207
gr13_2 57256 58614
gr13_2 58604 58768
gr13_2 59019 60434
gr13_2 60639 61406
gr13_2 61399 61956
gr13_2 61975 63252
gr13_2 63421 64248
gr13_2 64620 65519
gr13_2 65523 66827
gr13_2 66824 67900
gr13_2 67897 68964
gr13_2 68964 69554
gr13_2 69554 70291
gr13_2 70273 71049
gr13_2 71043 71654
gr13_2 71770 72246
gr13_2 72313 73104
gr13_2 73211 74509
gr13_2 74660 75730
gr13_2 75810 77219
gr13_2 77661 78620
gr13_2 78607 79731
gr13_2 79731 80633
gr13_2 80630 81781
gr13_2 81785 83687
gr13_2 83699 84436
gr13_2 84436 85203
gr13_2 85508 86521
gr13_2 86564 87466
gr13_2 87745 89085
gr13_2 89082 90305
gr13_2 90310 91572
gr13_2 91732 93948
gr13_2 94031 95065
gr13_2 95112 95864
gr13_2 95934 96851
gr13_2 96927 98105
gr13_2 98139 98840
gr13_2 98855 99994
gr13_2 100272 102449
gr13_2 102462 102896
gr13_2 102906 104045
gr13_2 104333 105766
gr13_2 106562 108133
gr13_2 108164 109987
gr13_2 110000 110581
gr13_2 110663 111304
gr13_2 111588 112202
gr13_2 112366 115701
gr13_2 115777 117141
gr13_2 117513 118856
gr13_2 119066 120025
gr13_2 120266 121504
gr13_2 121504 124626
gr13_2 124623 127697
gr13_2 127749 129155
gr13_2 129152 130540
gr13_2 130547 131254
gr13_2 131378 132757
gr13_2 132978 133877
gr13_2 134098 135312
gr13_2 135323 136333
gr13_2 136416 137699
gr13_2 137767 139227
gr13_2 139328 140014
gr13_2 140067 140867
gr13_2 140854 141651
gr13_2 142094 142291
gr13_2 142389 143348
gr13_2 143410 144978
gr13_2 145050 145613
gr13_2 145850 146305
gr13_2 146302 147414
gr13_2 147592 149625
gr13_2 149859 150251
gr13_2 150244 150936
gr13_2 151057 151947
gr13_2 152217 153914
gr13_2 154050 154769
gr13_2 155563 156573
gr13_2 156593 158113
gr13_2 158182 159177
gr13_2 159489 160529
gr13_2 160677 161837
gr13_2 161887 162552
gr13_2 162678 163805
gr13_2 163923 164834
gr13_2 164935 166059
gr13_2 166072 166914
gr13_2 167066 167854
gr13_2 167854 168930
gr13_2 169139 170605
gr13_2 170723 171589
gr13_2 171599 171973
gr13_2 172080 173135
gr13_2 173187 174032
gr13_2 174384 174875
gr13_2 174923 176635
gr13_2 176652 177590
gr13_2 177587 178717
gr13_2 178955 179266
gr13_2 179306 179560
gr13_2 179904 180476
gr13_2 180553 181521
gr13_2 181567 182274
gr13_2 182787 183362
gr13_2 183585 185147
gr13_2 185192 187000
gr13_2 187012 188106
gr13_2 188103 189125
gr13_2 189126 190730
gr13_2 190717 191037
gr13_2 191332 192528
gr13_2 192578 193297
gr13_2 193357 195207
gr13_2 195384 195668
gr13_2 195787 196839
gr13_2 196932 197177
gr13_2 197200 198954
gr13_2 198888 198893
gr13_2 199545 199748
gr13_2 199820 200536
gr13_2 200491 200874
gr13_2 200707 202359
gr13_2 202456 203097
gr13_2 203097 204143
gr13_2 204315 204425
gr13_2 204575 204769
gr13_2 204787 205905
gr13_2 206504 207673
gr13_2 207670 209823
gr13_2 209840 211195
gr13_2 211500 213443
gr13_2 213791 231796
gr13_2 232534 233688
gr13_2 233708 236365
gr13_2 236367 237017
gr13_2 237072 239924
gr13_2 240601 243273
gr13_2 243451 244176
gr13_2 244271 244405
gr13_2 244703 246988
gr13_2 247061 248191
gr13_2 248191 248454
gr13_2 248805 250001
gr13_2 250241 250552
gr13_2 250888 252546
gr13_2 252580 253038
gr13_2 253162 254619
gr13_2 254626 256146
gr13_2 256357 258192
gr13_2 258189 258491
gr13_2 258488 259039
gr13_2 259050 259592
gr13_2 259604 260581
gr13_2 260578 263301
gr13_2 263414 264760
gr13_2 264757 265272
gr13_2 265275 267074
gr13_2 267188 267865
gr13_2 267881 268324
gr13_2 268964 269887
gr13_2 270848 272065
gr13_2 272141 272740
gr13_2 272770 273429
gr13_2 273443 273937
gr13_2 274083 274535
gr13_2 274873 276075
gr13_2 276146 278293
gr13_2 278403 278927
gr13_2 279036 279677
gr13_2 279860 280759
gr13_2 280800 281573
gr13_2 281582 282298
gr13_2 282291 282980
gr13_2 283160 283942
gr13_2 284202 284771
gr13_2 284884 286401
gr13_2 286439 286924
gr13_2 287190 287978
gr13_2 287968 289236
gr13_2 289331 290245
gr13_2 290390 291052
gr13_2 291082 291885
gr13_2 291888 292895
gr13_2 292984 293091
gr13_2 293198 294334
gr13_2 294387 295166
gr13_2 295264 296163
gr13_2 296346 297395
gr13_2 297397 297840
gr13_2 297928 299352
gr13_2 299438 300658
gr13_2 300813 302819
gr13_2 302853 303170
gr13_2 303170 303778
gr13_2 303735 304538
gr13_2 304547 305371
gr13_2 305376 306461
gr13_2 306507 307439
gr13_2 307599 308147
gr13_2 308177 308659
gr13_2 308884 310980
gr13_2 310980 312290
gr13_2 312449 312745
gr13_2 313104 314387
gr13_2 314524 315288
gr13_2 315439 316650
gr13_2 316650 317102
gr13_2 317099 317656
gr13_2 317653 319611
gr13_2 319608 320093
gr13_2 320090 320323
gr13_2 320320 321060
gr13_2 321129 321788
gr13_2 321788 322405
gr13_2 322648 323583
gr13_2 324116 325300
gr13_2 325400 326008
gr13_2 325977 326900
gr13_2 327514 327770
gr13_2 328147 328461
gr13_2 328463 329251
gr13_2 329334 329816
gr13_2 330114 330983
gr13_2 331068 332060
gr13_2 332097 332330
gr13_2 332616 333842
gr13_2 333881 334756
gr13_2 335020 335193
gr13_2 335269 335550
gr13_2 335825 336631
gr13_2 336641 337093
gr13_2 337101 337886
gr13_2 338036 339634
gr13_2 339637 340665
gr13_2 340994 342226
gr13_2 342344 342868
gr13_2 343129 344817
gr13_2 344814 345542
gr13_2 345701 346666
gr13_2 346827 348479
gr13_2 348699 349688
gr13_2 349861 350256
gr13_2 350617 351858
gr13_2 352228 353418
gr13_2 354300 355088
gr13_2 355200 355553
gr13_2 355578 355931
gr13_2 355965 357380
gr13_2 358868 359209
gr13_2 359206 360126
gr13_2 360222 361235
gr13_2 361263 361481
gr13_2 361474 363501
gr13_2 363578 364576
gr13_2 364795 365562
gr13_2 365704 366672
gr13_2 367060 367317
gr13_2 367222 367458
gr13_2 367479 369206
gr13_2 369249 369749
gr13_2 369811 371151
gr13_2 371148 371828
gr13_2 371997 372881
gr13_2 372963 374051
gr13_2 374041 374916
gr13_2 374916 375749
gr13_2 375749 376765
gr13_2 377018 377635
gr13_2 377701 378168
gr13_2 378158 378583
gr13_2 378791 379639
gr13_2 379740 380654
gr13_2 381001 381951
gr13_2 382009 384009
gr13_2 384266 385429
gr13_2 385426 386499
gr13_2 386689 387267
gr13_2 387410 388906
gr13_2 389185 389457
gr13_2 389712 391400
gr13_2 391538 392167
gr13_2 392335 395451
gr13_2 395556 395747
gr13_2 396032 396400
gr13_2 396402 397529
gr13_2 397552 397740
gr13_2 397834 398514
gr13_2 398588 400588
gr13_2 400588 401454
gr13_2 401585 402298
gr13_2 402444 403475
gr13_2 403490 404368
gr13_2 404512 405093
gr13_2 405251 405718
gr13_2 405818 407383
gr13_2 407545 408375
gr13_2 408386 409369
gr13_2 409366 410181
gr13_2 410178 411053
gr13_2 411053 412075
gr13_2 412059 413084
gr13_2 413209 413817
gr13_2 413849 414454
gr13_2 415028 415180
gr13_2 415209 416672
gr13_2 416705 417046
gr13_2 417043 417855
gr13_2 417852 419138
gr13_2 419282 419908
gr13_2 420138 421178
gr13_2 421175 421813
gr13_2 421923 422690
gr13_2 422703 424337
gr13_2 424334 426421
gr13_2 426572 428632
gr13_2 428638 430164
gr13_2 430197 430820
gr13_2 430922 431107
gr13_2 431248 432681
gr13_2 432685 433182
gr13_2 433203 433448
gr13_2 433642 433821
gr13_2 433852 434625
gr13_2 435014 435154
gr13_2 435277 436977
gr13_2 437363 438271
gr13_2 438594 440543
gr13_2 440540 441820
gr13_2 442208 443788
gr13_2 443857 445323
gr13_2 445492 446865
gr13_2 447312 448325
gr13_2 448322 448654
gr13_2 448927 451368
gr13_2 451681 451902
gr13_2 451965 453455
gr13_2 453630 454811
gr13_2 454831 455448
gr13_2 455488 456762
gr13_2 456868 457989
gr13_2 458027 459046
gr13_2 459036 459821
gr13_2 459851 461020
gr13_2 461208 461639
gr13_2 461815 464142
gr13_2 464155 469050
gr13_2 469197 470039
gr13_2 470310 471074
gr13_2 471121 472407
gr13_2 472569 473729
gr13_2 473818 474315
gr13_2 474446 475198
gr13_2 475331 476134
gr13_2 476198 477211
gr13_2 477416 478396
gr13_2 478387 479013
gr13_2 479169 480437
gr13_2 480419 481567
gr13_2 481931 483184
gr13_2 483512 484696
gr13_2 485071 485409
gr13_2 485594 486928
gr13_2 486928 487596
gr13_2 487600 489027
gr13_2 489607 493494
gr13_2 493762 495228
gr13_2 495225 495716
gr13_2 495780 496496
gr13_2 496573 497412
gr13_2 497468 497716
gr13_2 497713 498093
gr13_2 498093 498824
gr13_2 498897 499625
gr13_2 499630 500535
gr13_2 500678 501358
gr13_2 501490 502464
gr13_2 502474 504273
gr13_2 504492 504956
gr13_2 504953 505909
gr13_2 505909 506562
gr13_2 506590 507168
gr13_2 507580 509202
gr13_2 509187 509936
gr13_2 510102 511430
gr13_2 511648 512031
gr13_2 512274 512954
gr13_2 513014 513595
gr13_2 513718 514596
gr13_2 514681 516342
gr13_2 516530 516877
gr13_2 516973 517266
gr13_2 517259 517693
gr13_2 517852 518334
gr13_2 518908 520134
gr13_2 520223 521215
gr13_2 521212 522081
gr13_2 522289 523917
gr13_2 524242 525063
gr13_2 525066 525455
gr13_2 525708 526733
gr13_2 527596 528600
gr13_2 528604 528990
gr13_2 529051 529443
gr13_2 529451 529747
gr13_2 529744 530268
gr13_2 530272 530574
gr13_2 530850 531095
gr13_2 531437 531925
gr13_2 532252 533106
gr13_2 533271 535973
gr13_2 536632 538200
gr13_2 538200 539252
gr13_2 539249 540106
gr13_2 540096 540926
gr13_2 540919 541596
gr13_2 541858 542403
gr13_2 542404 542823
gr13_2 542909 543844
gr13_2 543834 545243
gr13_2 545379 545714
gr13_2 545868 546185
gr13_2 546489 546731
gr13_2 546736 547149
gr13_2 547119 549257
gr13_2 549245 550225
gr13_2 550727 551923
gr13_2 551920 553014
gr13_2 553081 554079
gr13_2 554283 555479
gr13_2 555782 556312
gr13_2 556463 557635
gr13_2 557652 559187
gr13_2 559224 560405
gr13_2 560565 560984
gr13_2 561066 561743
gr13_2 561882 564539
gr13_2 564657 566012
gr13_2 566039 566345
gr13_2 566355 567644
gr13_2 573739 576312
gr13_2 576438 577166
gr13_2 577166 578143
gr13_2 578273 579004
gr13_2 579286 579621
gr13_2 579869 581032
gr13_2 581089 582210
gr13_2 582216 583328
gr13_2 583584 584120
gr13_2 584217 584564
gr13_2 584609 585412
gr13_2 585409 585957
gr13_2 585976 586224
gr13_2 586367 587728
gr13_2 587895 588695
gr13_2 588711 589997
gr13_2 590059 590574
gr13_2 590725 592332
gr13_2 592364 592765
gr13_2 592789 593355
gr13_2 594733 594894
gr13_2 594997 595182
gr13_2 595433 598060
gr13_2 598194 598712
gr13_2 598836 599903
gr13_2 599999 600493
gr13_2 600599 601375
gr13_2 601543 602430
gr13_2 602465 602800
gr13_2 602881 603963
gr13_2 604113 604790
gr13_2 604787 605515
gr13_2 605512 607056
gr13_2 607053 610814
gr13_2 610916 612307
gr13_2 612624 613271
gr13_2 613578 616139
gr13_2 616279 617271
gr13_2 617329 618429
gr13_2 618592 619218
gr13_2 619212 619973
gr13_2 620165 621205
gr13_2 621202 621684
gr13_2 621684 622400
gr13_2 622404 622721
gr13_2 622899 623219
gr13_2 623274 623879
gr13_2 623879 625306
gr13_2 625318 626226
gr13_2 626236 627651
gr13_2 628015 629028
gr13_2 629038 629322
gr13_2 629383 630117
gr13_2 630114 631835
gr13_2 631835 633622
gr13_2 633946 634305
gr13_2 634415 635086
gr13_2 635487 636782
gr13_2 636859 638496
gr13_2 638726 639514
gr13_2 639689 641920
gr13_2 641950 643266
gr13_2 643361 646090
gr13_2 646145 647284
gr13_2 647360 648244
gr13_2 648264 649034
gr13_2 649080 650411
gr13_2 650422 651768
gr13_2 651765 653126
gr13_2 653701 655260
gr13_2 655338 655784
gr13_2 655797 656576
gr13_2 656576 656905
gr13_2 657493 658041
gr13_2 658104 658949
gr13_2 659119 660483
gr13_2 660518 661273
gr13_2 661298 662398
gr13_2 662391 662786
gr13_2 662837 663754
gr13_2 664089 664313
gr13_2 664523 665731
gr13_2 665734 666189
gr13_2 666168 666980
gr13_2 667029 668177
gr13_2 668841 670085
gr13_2 670318 671646
gr13_2 671696 673537
gr13_2 673534 677073
gr13_2 677070 679967
gr13_2 680076 683453
gr13_2 683555 683812
gr13_2 683841 684245
gr13_2 684242 684769
gr13_2 684766 685236
gr13_2 685424 686218
gr13_2 686215 687096
gr13_2 687423 689669
gr13_2 689682 690209
gr13_2 690894 691571
gr13_2 691671 692381
gr13_2 692500 692718
gr13_2 692859 693899
gr13_2 693940 694392
gr13_2 694389 695162
gr13_2 695259 695576
gr13_2 695592 697019
gr13_2 697016 698374
gr13_2 698553 698861
gr13_2 698894 700150
gr13_2 700253 701173
gr13_2 701170 702333
gr13_2 702694 703320
gr13_2 703317 703811
gr13_2 703936 705456
gr13_2 705466 706564
gr13_2 706796 708529
gr13_2 708533 709246
gr13_2 709268 710161
gr13_2 710264 710782
gr13_2 710911 711321
gr13_2 711296 711562
gr13_2 711789 712775
gr13_2 712837 713502
gr13_2 713672 714391
gr13_2 714507 715946
gr13_2 715977 716720
gr13_2 716787 719660
gr13_2 719741 720127
gr13_2 720151 721248
gr13_2 721681 722883
gr13_2 722897 724075
gr13_2 724072 725394
gr13_2 725441 726019
gr13_2 726190 726519
gr13_2 726819 727427
gr13_2 727772 729010
gr13_2 729290 729949
gr13_2 730132 731037
gr13_2 731294 732016
gr13_2 732160 732783
gr13_2 732908 733789
gr13_2 733980 735059
gr13_2 735165 736328
gr13_2 736380 737399
gr13_2 737713 739707
gr13_2 739979 740734
gr13_2 740790 741200
gr13_2 741397 742317
gr13_2 742487 744463
gr13_2 745308 746459
gr13_2 746993 748390
gr13_2 748472 749740
gr13_2 749730 750899
gr13_2 750899 751021
gr13_2 751020 751532
gr13_2 751609 752313
gr13_2 752384 753115
gr13_2 753222 754166
gr13_2 754254 754817
gr13_2 754817 755236
gr13_2 755242 756237
gr13_2 756252 756959
gr13_2 756972 757526
gr13_2 757548 758141
gr13_2 758134 759273
gr13_2 759310 760026
gr13_2 760092 760418
gr13_2 760418 761137
gr13_2 761241 762377
gr13_2 762377 762649
gr13_2 762704 763783
gr13_2 764678 766831
gr13_2 767397 768380
gr13_2 768408 768905
gr13_2 769480 769776
gr13_2 769785 770324
gr13_2 770398 771180
gr13_2 771746 771946
gr13_2 771924 772793
gr13_2 773012 773185
gr13_2 773187 774191
gr13_2 774193 775605
gr13_2 776387 776767
gr13_2 776866 777723
gr13_2 778174 779733
gr13_2 779814 780320
gr13_2 780331 780813
gr13_2 781316 781480
gr13_2 782227 783192
gr13_2 783968 785287
gr13_2 785314 787185
gr13_2 787405 788118
gr13_2 788145 789368
gr13_2 789464 790792
gr13_2 790855 791634
gr13_2 791883 792680
gr13_2 792677 793729
gr13_2 793950 794111
gr13_2 794224 794838
gr13_2 795097 796683
gr13_2 796977 798080
gr13_2 798085 798558
gr13_2 798548 799216
gr13_2 799706 800212
gr13_2 800273 802636
gr13_2 802647 803957
gr13_2 804180 805244
gr13_2 805286 808135
gr13_2 808313 809401
gr13_2 809389 811128
gr13_2 811131 812132
gr13_2 812148 813215
gr13_2 813349 813948
gr13_2 814280 814762
gr13_2 814759 816162
gr13_2 816288 818444
gr13_2 818598 820679
gr13_2 821223 821792
gr13_2 821815 822330
gr13_2 822356 823054
gr13_2 823062 825509
gr13_2 825506 826483
gr13_2 826480 827802
gr13_2 828037 828459
gr13_2 828466 829206
gr13_2 829541 830512
gr13_2 830561 831067
gr13_2 831082 832368
gr13_2 832504 833694
gr13_2 833905 834567
gr13_2 834600 835508
gr13_2 835713 836537
gr13_2 836636 838066
gr13_2 838208 838945
gr13_2 838991 841264
gr13_2 841457 842287
gr13_2 842390 842971
gr13_2 843020 843328
gr13_2 843625 844524
gr13_2 844619 846514
gr13_2 846564 847145
gr13_2 847149 847976
gr13_2 848019 848444
gr13_2 848441 849079
gr13_2 849290 850756
gr13_2 850899 851570
gr13_2 851578 852738
gr13_2 852928 853713
gr13_2 853948 854604
gr13_2 855044 855433
gr13_2 855473 856897
gr13_2 856968 859820
gr13_2 859854 861164
gr13_2 861467 862057
gr13_2 862216 863448
gr13_2 863464 864282
gr13_2 864474 864833
gr13_2 864942 865547
gr13_2 865775 866788
gr13_2 867067 867282
gr13_2 867401 869146
gr13_2 869679 871520
gr13_2 871595 872113
gr13_2 872110 872694
gr13_2 872833 873624
gr13_2 874088 874957
gr13_2 875606 876025
gr13_2 876047 876329
gr13_2 876448 876771
gr13_2 876811 877155
gr13_2 877143 877454
gr13_2 877463 877906
gr13_2 878346 878567
gr13_2 879500 879772
gr13_2 879891 880046
gr13_2 880354 888939
gr13_2 889165 890262
gr13_2 890283 891704
gr13_2 891974 893449
gr13_2 893446 894081
gr13_2 894662 895471
gr13_2 895578 896285
gr13_2 896553 898571
gr13_2 898572 899690
gr13_2 899774 900277
gr13_2 900274 901962
gr13_2 902109 903095
gr13_2 903353 904321
gr13_2 904341 905789
gr13_2 905986 907476
gr13_2 907481 908929
gr13_2 908932 910347
gr13_2 910747 912051
gr13_2 912138 912914
gr13_2 913239 913913
gr13_2 913913 914260
gr13_2 914455 914829
gr13_2 914865 915170
gr13_2 915173 915568
gr13_2 915568 915852
gr13_2 916055 916468
gr13_2 916545 917519
gr13_2 917877 918290
gr13_2 918304 918996
gr13_2 920135 921001
gr13_2 921064 923088
gr13_2 923046 923441
gr13_2 923456 924043
gr13_2 924058 924630
gr13_2 924683 925387
gr13_2 925517 926416
gr13_2 926426 928348
gr13_2 928456 929196
gr13_2 929193 930314
gr13_2 930298 931428
gr13_2 931472 932113
gr13_2 932125 932952
gr13_2 933030 933329
gr13_2 933332 933688
gr13_2 933690 934037
gr13_2 934333 934719
gr13_2 934782 936122
gr13_2 936238 936783
gr13_2 936824 937564
gr13_2 937917 939269
gr13_2 939438 940445
gr13_2 940509 942068
gr13_2 942259 942648
gr13_2 942710 943159
gr13_2 943260 943790
gr13_2 943850 944203
gr13_2 944206 947973
gr13_2 947970 949709
gr13_2 950204 951526
gr13_2 951673 951879
gr13_2 952194 952751
gr13_2 952826 953569
gr13_2 953863 955806
gr13_2 955851 956471
gr13_2 956809 957369
gr13_2 957452 957901
gr13_2 957941 958168
gr13_2 958173 958490
gr13_2 958497 958892
gr13_2 959298 959504
gr13_2 959553 960302
gr13_2 960461 962392
gr13_2 962449 962775
gr13_2 962749 964377
gr13_2 964393 964614
gr13_2 964598 965332
gr13_2 965402 967894
gr13_2 967911 968354
gr13_2 968573 969871
gr13_2 970038 970238
gr13_2 970296 971300
gr13_2 971304 972542
gr13_2 972770 974050
gr13_2 974123 974434
gr13_2 974539 975489
gr13_2 975482 977347
gr13_2 977394 979064
gr13_2 979061 979537
gr13_2 979534 981054
gr13_2 981053 982192
gr13_2 982978 983526
gr13_2 983628 984677
gr13_2 984849 985748
gr13_2 985763 989092
gr13_2 989382 990320
gr13_2 990749 991219
gr13_2 991243 991401
gr13_2 991694 991957
gr13_2 992046 992312
gr13_2 992406 992669
gr13_2 992735 993004
gr13_2 993060 994511
gr13_2 994625 996577
gr13_2 996587 997519
gr13_2 997527 997730
gr13_2 997961 998878
gr13_2 999131 1000576
gr13_2 1000641 1004465
gr13_2 1004614 1006083
gr13_2 1006073 1006666
gr13_2 1006675 1007163
gr13_2 1007160 1008182
gr13_2 1008331 1009374
gr13_2 1009686 1011635
gr13_2 1011922 1012926
gr13_2 1012927 1013532
gr13_2 1013765 1014217
gr13_2 1014243 1014704
gr13_2 1014716 1016065
gr13_2 1016138 1016380
gr13_2 1016370 1017815
gr13_2 1017832 1018713
gr13_2 1019081 1020046
gr13_2 1020070 1020366
gr13_2 1020910 1021935
gr13_2 1022004 1023182
gr13_2 1023198 1024298
gr13_2 1024307 1025068
gr13_2 1031151 1031705
gr13_2 1031672 1031929
gr13_2 1031926 1032744
gr13_2 1032748 1033320
gr13_2 1033324 1033872
gr13_2 1033897 1034370
gr13_2 1034342 1035466
gr13_2 1035582 1036094
gr13_2 1036115 1037059
gr13_2 1037109 1038410
gr13_2 1038429 1039805
gr13_2 1039930 1040340
gr13_2 1040341 1040574
gr13_2 1040634 1041050
gr13_2 1041051 1041422
gr13_2 1041519 1041905
gr13_2 1041946 1042935
gr13_2 1042961 1043581
gr13_2 1043615 1044004
gr13_2 1044021 1044377
gr13_2 1044673 1046004
gr13_2 1046012 1046446
gr13_2 1046450 1046629
gr13_2 1046635 1047135
gr13_2 1047150 1047503
gr13_2 1047513 1048046
gr13_2 1048060 1048452
gr13_2 1048485 1048790
gr13_2 1048805 1049344
gr13_2 1049359 1049673
gr13_2 1049684 1050055
gr13_2 1050304 1051656
gr13_2 1052015 1052269
gr13_2 1052269 1052460
gr13_2 1052460 1052870
gr13_2 1052883 1053581
gr13_2 1053599 1053931
gr13_2 1053945 1054223
gr13_2 1054240 1055061
gr13_2 1055079 1055381
gr13_2 1055378 1055983
gr13_2 1055994 1056623
gr13_2 1056656 1056967
gr13_2 1057361 1058134
gr13_2 1058121 1058594
gr13_2 1058695 1058889
gr13_2 1059060 1060244
gr13_2 1060313 1062427
gr13_2 1062518 1062988
gr13_2 1063085 1063459
gr13_2 1063584 1063871
gr13_2 1063881 1064240
gr13_2 1064240 1064626
gr13_2 1064626 1065348
gr13_2 1065515 1066360
gr13_2 1066630 1066848
gr13_2 1066944 1067510
gr13_2 1067708 1067902
gr13_2 1067926 1069731
gr13_2 1069732 1070283
gr13_2 1070396 1072300
gr13_2 1072333 1073172
gr13_2 1073169 1073996
gr13_2 1073993 1074760
gr13_2 1074770 1075747
gr13_2 1075984 1076964
gr13_2 1076966 1077568
gr13_2 1077626 1078642
gr13_2 1078647 1078865
gr13_2 1078927 1079796
gr13_2 1080146 1080550
gr13_2 1080854 1081486
gr13_2 1081544 1083619
gr13_2 1083621 1084841
gr13_2 1084923 1085498
gr13_2 1085540 1086133
gr13_2 1086123 1086293
gr13_2 1086393 1086965
gr13_2 1087227 1088405
gr13_2 1088441 1089718
gr13_2 1089936 1092476
gr13_2 1092473 1092799
gr13_2 1092845 1094209
gr13_2 1094268 1095269
gr13_2 1095286 1095963
gr13_2 1095947 1096630
gr13_2 1096698 1097513
gr13_2 1097607 1098659
gr13_2 1098732 1099820
gr13_2 1099859 1100380
gr13_2 1100457 1100651
gr13_2 1100743 1102014
gr13_2 1101953 1102336
gr13_2 1102326 1102820
gr13_2 1102813 1103355
gr13_2 1103355 1104161
gr13_2 1104278 1106827
gr13_2 1106900 1107463
gr13_2 1107870 1109990
gr13_2 1110048 1110695
gr13_2 1110709 1111113
gr13_2 1111163 1112029
gr13_2 1112398 1114017
gr13_2 1114057 1115424
gr13_2 1115421 1116140
gr13_2 1116678 1116926
gr13_2 1117109 1117582
gr13_2 1117686 1120013
gr13_2 1120142 1121827
gr13_2 1121828 1122097
gr13_2 1122271 1123044
gr13_2 1123079 1123759
gr13_2 1123818 1124393
gr13_2 1124429 1126510
gr13_2 1126520 1128925
gr13_2 1129081 1129839
gr13_2 1129871 1130692
gr13_2 1130722 1131048
gr13_2 1131057 1131242
gr13_2 1131276 1132781
gr13_2 1133163 1134818
gr13_2 1134818 1135678
gr13_2 1135687 1135986
gr13_2 1135979 1136812
gr13_2 1136812 1137612
gr13_2 1137746 1138705
gr13_2 1138707 1139327
gr13_2 1139324 1140226
gr13_2 1140207 1141181
gr13_2 1141365 1143812
gr13_2 1143832 1145265
gr13_2 1145329 1146621
gr13_2 1146632 1148614
gr13_2 1148611 1150794
gr13_2 1151155 1152264
gr13_2 1152482 1153075
gr13_2 1153223 1153426
gr13_2 1153666 1153995
gr13_2 1154009 1155349
gr13_2 1155352 1155888
gr13_2 1156029 1157024
gr13_2 1157127 1157822
gr13_2 1158172 1158666
gr13_2 1158990 1160735
gr13_2 1160948 1161241
gr13_2 1161238 1161981
gr13_2 1161978 1163051
gr13_2 1163053 1163898
gr13_2 1163895 1164782
gr13_2 1164837 1166153
gr13_2 1166682 1167395
gr13_2 1167397 1168164
gr13_2 1168161 1169432
gr13_2 1169429 1170355
gr13_2 1170490 1171596
gr13_2 1171998 1172393
gr13_2 1172453 1173310
gr13_2 1173551 1174534
gr13_2 1174524 1175192
gr13_2 1175198 1176889
gr13_2 1177122 1177721
gr13_2 1177711 1177983
gr13_2 1178010 1178366
gr13_2 1178511 1179140
gr13_2 1179234 1181525
gr13_2 1181579 1181830
gr13_2 1182035 1182700
gr13_2 1182817 1183371
gr13_2 1183427 1184323
gr13_2 1184371 1185381
gr13_2 1185444 1187384
gr13_2 1187930 1189843
gr13_2 1190284 1191126
gr13_2 1191225 1192043
gr13_2 1192163 1193668
gr13_2 1194090 1194905
gr13_2 1194990 1196213
gr13_2 1196514 1197569
gr13_2 1197558 1198241
gr13_2 1198391 1199575
gr13_2 1199859 1201466
gr13_2 1201891 1203396
gr13_2 1203578 1204501
gr13_2 1204605 1205573
gr13_2 1205600 1206622
gr13_2 1206967 1207467
gr13_2 1207468 1208127
gr13_2 1208399 1209787
gr13_2 1209803 1210480
gr13_2 1210709 1211728
gr13_2 1211787 1212614
gr13_2 1212616 1212861
gr13_2 1213106 1214092
gr13_2 1214098 1215282
gr13_2 1215499 1217028
gr13_2 1217066 1217401
gr13_2 1217818 1218255
gr13_2 1218306 1219052
gr13_2 1219061 1221103
gr13_2 1221254 1221499
gr13_2 1221534 1222376
gr13_2 1222437 1223255
gr13_2 1223252 1224163
gr13_2 1224292 1225644
gr13_2 1225929 1226321
gr13_2 1227431 1228411
gr13_2 1229072 1229416
gr13_2 1229439 1230785
gr13_2 1230847 1232049
gr13_2 1232143 1233111
gr13_2 1233146 1233649
gr13_2 1233704 1236379
gr13_2 1236606 1237172
gr13_2 1237183 1239231
gr13_2 1239228 1240916
gr13_2 1241114 1242280
gr13_2 1242440 1243396
gr13_2 1243377 1244768
gr13_2 1244946 1245122
gr13_2 1245189 1246106
gr13_2 1246142 1246642
gr13_2 1246715 1248547
gr13_2 1248544 1249668
gr13_2 1249810 1250715
gr13_2 1250814 1251755
gr13_2 1251766 1252371
gr13_2 1252368 1253183
gr13_2 1253316 1253693
gr13_2 1253975 1254895
gr13_2 1254919 1255947
gr13_2 1256085 1256987
gr13_2 1257158 1258510
gr13_2 1258532 1259923
gr13_2 1259916 1260827
gr13_2 1261362 1261574
gr13_2 1262233 1262496
gr13_2 1262625 1263527
gr13_2 1263746 1264774
gr13_2 1264928 1265833
gr13_2 1266343 1266918
gr13_2 1267235 1267477
gr13_2 1267467 1268903
gr13_2 1268963 1269418
gr13_2 1269930 1271546
gr13_2 1271673 1274057
gr13_2 1274054 1274641
gr13_2 1274776 1276263
gr13_2 1276230 1276853
gr13_2 1276961 1277809
gr13_2 1277854 1278612
gr13_2 1278728 1279627
gr13_2 1279673 1280692
gr13_2 1280965 1282296
gr13_2 1282814 1284289
gr13_2 1284452 1285333
gr13_2 1285334 1286881
gr13_2 1286884 1288734
gr13_2 1288797 1289726
gr13_2 1289745 1290002
gr13_2 1289999 1291645
gr13_2 1292225 1293745
gr13_2 1293771 1294109
gr13_2 1294230 1295063
gr13_2 1300897 1301166
gr13_2 1301177 1302028
gr13_2 1301973 1303850
gr13_2 1304213 1305316
gr13_2 1305356 1305709
gr13_2 1305724 1306371
gr13_2 1306564 1307964
gr13_2 1307947 1308864
gr13_2 1308989 1309723
gr13_2 1309842 1311215
gr13_2 1311306 1312523
gr13_2 1312548 1313324
gr13_2 1313339 1314343
gr13_2 1314448 1315659
gr13_2 1316013 1318664
gr13_2 1318732 1319631
gr13_2 1319834 1322269
gr13_2 1322272 1323432
gr13_2 1323706 1324023
gr13_2 1324103 1324318
gr13_2 1324544 1326739
gr13_2 1326904 1327941
gr13_2 1328202 1329101
gr13_2 1329190 1329720
gr13_2 1329731 1331068
gr13_2 1331125 1331712
gr13_2 1331766 1332005
gr13_2 1332411 1333265
gr13_2 1333296 1334807
gr13_2 1334904 1335914
gr13_2 1335904 1337097
gr13_2 1337371 1338117
gr13_2 1338108 1338542
gr13_2 1338641 1339231
gr13_2 1339352 1340119
gr13_2 1340147 1340920
gr13_2 1341083 1342072
gr13_2 1342216 1343178
gr13_2 1343386 1344288
gr13_2 1344528 1344683
gr13_2 1345140 1345649
gr13_2 1345798 1346496
gr13_2 1346493 1347872
gr13_2 1347908 1348381
gr13_2 1348378 1349199
gr13_2 1349268 1350284
gr13_2 1350284 1350754
gr13_2 1350793 1351047
gr13_2 1351067 1351498
gr13_2 1351577 1353052
gr13_2 1353056 1353958
gr13_2 1353970 1355292
gr13_2 1355285 1356196
gr13_2 1356225 1357253
gr13_2 1357264 1358460
gr13_2 1358691 1359623
gr13_2 1359641 1360696
gr13_2 1360684 1361661
gr13_2 1361658 1362734
gr13_2 1362744 1363748
gr13_2 1364016 1365062
gr13_2 1365136 1366212
gr13_2 1366205 1367338
gr13_2 1367420 1368694
gr13_2 1368694 1369470
gr13_2 1369467 1369946
gr13_2 1369943 1370752
gr13_2 1370822 1370989
gr13_2 1371009 1371245
gr13_2 1371487 1372143
gr13_2 1372324 1373544
gr13_2 1373522 1373980
gr13_2 1374101 1374697
gr13_2 1374733 1375374
gr13_2 1375424 1376140
gr13_2 1376291 1377475
gr13_2 1377514 1377939
gr13_2 1378095 1378958
gr13_2 1379406 1380218
gr13_2 1380218 1380706
gr13_2 1381263 1382186
gr13_2 1382421 1383563
gr13_2 1383700 1384095
gr13_2 1384529 1384729
gr13_2 1384855 1385520
gr13_2 1385954 1386571
gr13_2 1386509 1388260
gr13_2 1388449 1389123
gr13_2 1389178 1389453
gr13_2 1389474 1391582
gr13_2 1391618 1392283
gr13_2 1392280 1394358
gr13_2 1394462 1395835
gr13_2 1395954 1397633
gr13_2 1397668 1398615
gr13_2 1398672 1399109
gr13_2 1399106 1399975
gr13_2 1399979 1400575
gr13_2 1400786 1402609
gr13_2 1403048 1404457
gr13_2 1404597 1405646
gr13_2 1405654 1407063
gr13_2 1407105 1408478
gr13_2 1408712 1409236
gr13_2 1409788 1410423
gr13_2 1410841 1413627
gr13_2 1414006 1414635
gr13_2 1414662 1415648
gr13_2 1415694 1415969
gr13_2 1416014 1416580
gr13_2 1416582 1417088
gr13_2 1422863 1424263
gr13_2 1424260 1425282
gr13_2 1425257 1426186
gr13_2 1426249 1427124
gr13_2 1427150 1428121
gr13_2 1428118 1429626
gr13_2 1429634 1430053
gr13_2 1430236 1430643
gr13_2 1430806 1431477
gr13_2 1431465 1432820
gr13_2 1432836 1434704
gr13_2 1434990 1436492
gr13_2 1436489 1437949
gr13_2 1438021 1440159
gr13_2 1440263 1440724
gr13_2 1440880 1441320
gr13_2 1441753 1443642
gr13_2 1443691 1444308
gr13_2 1445020 1445400
gr13_2 1445409 1446227
gr13_2 1446333 1446572
gr13_2 1446678 1447148
gr13_2 1447163 1447696
gr13_2 1447711 1449252
gr13_2 1449305 1450171
gr13_2 1450202 1451599
gr13_2 1451624 1452043
gr13_2 1452204 1453574
gr13_2 1453729 1455558
gr13_2 1455724 1456767
gr13_2 1456855 1457817
gr13_2 1457814 1458704
gr13_2 1458749 1459522
gr13_2 1459540 1460274
gr13_2 1460382 1461620
gr13_2 1461787 1463229
gr13_2 1463247 1464569
gr13_2 1464914 1465906
gr13_2 1465935 1467455
gr13_2 1467448 1468632
gr13_2 1468726 1469904
gr13_2 1469963 1471096
gr13_2 1471402 1472142
gr13_2 1472142 1472678
gr13_2 1472790 1473470
gr13_2 1473546 1474232
gr13_2 1474386 1474952
gr13_2 1475063 1475725
gr13_2 1475861 1476841
gr13_2 1476907 1477932
gr13_2 1478072 1478821
gr13_2 1478831 1479796
gr13_2 1479829 1481109
gr13_2 1481184 1482158
gr13_2 1482240 1483490
gr13_2 1483487 1484938
gr13_2 1485106 1486572
gr13_2 1486590 1487864
gr13_2 1487852 1488559
gr13_2 1488565 1489365
gr13_2 1489395 1489895
gr13_2 1489917 1490828
gr13_2 1490891 1491307
gr13_2 1491577 1491966
gr13_2 1491941 1493263
gr13_2 1493316 1494125
gr13_2 1494225 1494704
gr13_2 1494897 1497305
gr13_2 1497324 1498409
gr13_2 1498724 1499824
gr13_2 1499829 1501244
gr13_2 1501842 1501982
gr13_2 1501997 1502356
gr13_2 1502320 1502577
gr13_2 1502580 1504226
gr13_2 1504319 1505683
gr13_2 1505949 1506539
gr13_2 1506718 1507467
gr13_2 1507504 1508817
gr13_2 1508970 1509629
gr13_2 1509641 1510573
gr13_2 1510558 1511553
gr13_2 1511775 1512686
gr13_2 1512696 1514765
gr13_2 1515145 1516875
gr13_2 1516934 1527286
gr13_2 1527283 1527579
gr13_2 1527648 1530941
gr13_2 1530928 1531185
gr13_2 1531235 1532101
gr13_2 1532098 1532349
gr13_2 1532400 1532786
gr13_2 1532925 1533293
gr13_2 1533232 1534668
gr13_2 1534658 1534933
gr13_2 1535029 1537503
gr13_2 1537503 1537718
gr13_2 1537762 1538013
gr13_2 1538031 1539698
gr13_2 1539695 1540168
gr13_2 1540325 1540495
gr13_2 1540652 1541116
gr13_2 1541128 1541475
gr13_2 1541534 1541791
gr13_2 1541858 1542070
gr13_2 1542401 1542724
gr13_2 1542721 1543020
gr13_2 1543591 1544172
gr13_2 1544414 1545025
gr13_2 1545047 1545970
gr13_2 1545970 1546611
gr13_2 1546611 1547510
gr13_2 1547523 1550600
gr13_2 1550978 1551802
gr13_2 1551799 1552575
gr13_2 1552783 1554123
gr13_2 1554406 1555023
gr13_2 1555197 1556204
gr13_2 1556213 1556575
gr13_2 1556679 1557275
gr13_2 1557289 1558437
gr13_2 1558534 1560468
gr13_2 1560901 1561617
gr13_2 1561855 1563453
gr13_2 1564188 1564484
gr13_2 1564526 1565119
gr13_2 1565182 1565646
gr13_2 1565742 1566170
gr13_2 1566492 1568183
gr13_2 1568165 1568308
gr13_2 1569433 1571043
gr13_2 1571215 1572234
gr13_2 1572244 1573146
gr13_2 1573159 1574145
gr13_2 1574135 1575157
gr13_2 1575996 1576586
gr13_2 1576577 1577380
gr13_2 1577430 1579541
gr13_2 1579538 1582426
gr13_2 1582438 1586253
gr13_2 1586253 1586696
gr13_2 1586705 1587712
gr13_2 1587841 1589502
gr13_2 1589502 1589690
gr13_2 1589690 1591225
gr13_2 1591426 1591623
gr13_2 1591623 1592354
gr13_2 1592351 1594954
gr13_2 1594959 1597247
gr13_2 1597240 1600707
gr13_2 1600824 1602830
gr13_2 1603056 1604345
gr13_2 1604592 1606082
gr13_2 1606085 1606957
gr13_2 1607480 1608514
gr13_2 1608697 1610757
gr13_2 1610758 1611039
gr13_2 1611115 1613136
gr13_2 1613180 1614664
gr13_2 1614672 1615964
gr13_2 1616082 1616414
gr13_2 1616767 1618026
gr13_2 1618307 1619392
gr13_2 1619420 1620469
gr13_2 1620480 1621610
gr13_2 1621607 1622866
gr13_2 1622863 1623933
gr13_2 1623953 1624834
gr13_2 1624812 1625519
gr13_2 1625506 1626636
gr13_2 1626636 1627886
gr13_2 1627883 1628950
gr13_2 1628947 1630290
gr13_2 1630316 1631056
gr13_2 1632938 1634134
gr13_2 1634137 1635270
gr13_2 1635296 1636024
gr13_2 1636021 1636962
gr13_2 1637278 1639836
gr13_2 1639984 1640184
gr13_2 1640213 1641037
gr13_2 1641034 1641738
gr13_2 1641735 1642640
gr13_2 1642637 1643353
gr13_2 1643509 1645671
gr13_2 1645972 1646925
gr13_2 1647023 1648081
gr13_2 1648046 1648951
gr13_2 1648975 1649445
gr13_2 1649640 1650518
gr13_2 1650543 1652372
gr13_2 1652385 1653008
gr13_2 1653232 1654041
gr13_2 1654095 1654718
gr13_2 1654831 1655823
gr13_2 1655876 1656676
gr13_2 1656726 1658066
gr13_2 1658441 1659304
gr13_2 1659109 1659741
gr13_2 1659816 1660295
gr13_2 1660379 1661305
gr13_2 1661450 1663720
gr13_2 1663777 1664610
gr13_2 1664914 1665675
gr13_2 1665768 1667036
gr13_2 1667122 1668621
gr13_2 1668697 1669455
gr13_2 1669467 1670072
gr13_2 1670069 1671706
gr13_2 1671816 1672070
gr13_2 1672074 1672739
gr13_2 1672739 1673497
gr13_2 1673586 1674368
gr13_2 1674365 1674853
gr13_2 1675060 1675785
gr13_2 1675866 1677350
gr13_2 1677392 1678093
gr13_2 1678174 1679337
gr13_2 1679348 1681531
gr13_2 1681718 1683049
gr13_2 1683049 1683666
gr13_2 1683699 1685150
gr13_2 1685168 1685701
gr13_2 1691619 1692656
gr13_2 1692653 1693612
gr13_2 1693656 1694609
gr13_2 1694646 1694852
gr13_2 1696004 1697188
gr13_2 1697420 1697803
gr13_2 1697805 1698350
gr13_2 1698498 1698926
gr13_2 1698930 1699634
gr13_2 1700000 1700497
gr13_2 1700563 1700925
gr13_2 1701256 1705284
gr13_2 1705414 1709637
gr13_2 1709693 1709875
gr13_2 1710050 1711504
gr13_2 1711699 1712325
gr13_2 1712328 1714250
gr13_2 1714592 1715098
gr13_2 1715188 1715958
gr13_2 1715999 1717066
gr13_2 1717069 1717737
gr13_2 1717801 1718391
gr13_2 1718580 1718852
gr13_2 1718922 1719584
gr13_2 1719617 1720897
gr13_2 1720917 1722506
gr13_2 1727998 1728165
gr13_2 1728471 1729400
gr13_2 1729664 1731262
gr13_2 1731280 1732581
gr13_2 1732644 1734392
gr13_2 1734367 1735194
gr13_2 1735340 1739071
gr13_2 1739358 1741448
gr13_2 1741448 1742191
gr13_2 1742188 1742856
gr13_2 1743033 1743281
gr13_2 1743847 1745493
gr13_2 1746191 1747543
gr13_2 1747784 1748476
gr13_2 1748660 1749577
gr13_2 1749673 1751298
gr13_2 1751407 1752399
gr13_2 1752402 1753187
gr13_2 1753199 1754044
gr13_2 1754041 1754853
gr13_2 1754874 1755935
gr13_2 1756142 1756849
gr13_2 1756921 1757331
gr13_2 1757418 1757930
gr13_2 1757938 1758825
gr13_2 1758889 1761321
gr13_2 1761441 1761809
gr13_2 1761915 1762529
gr13_2 1762630 1763952
gr13_2 1764120 1764332
gr13_2 1764406 1764927
gr13_2 1765378 1766625
gr13_2 1766733 1767725
gr13_2 1767906 1768172
gr13_2 1768384 1769367
gr13_2 1769464 1770870
gr13_2 1771000 1771479
gr13_2 1771720 1772334
gr13_2 1772360 1773568
gr13_2 1773690 1774109
gr13_2 1774109 1774432
gr13_2 1774485 1775549
gr13_2 1775783 1778611
gr13_2 1778836 1779399
gr13_2 1779471 1779992
gr13_2 1780113 1780940
gr13_2 1781018 1781977
gr13_2 1782902 1783297
gr13_2 1783823 1785079
gr13_2 1785088 1786038
gr13_2 1786093 1786374
gr13_2 1786628 1787053
gr13_2 1787154 1787639
gr13_2 1787676 1788344
gr13_2 1788703 1790052
gr13_2 1790198 1791847
gr13_2 1791892 1792794
gr13_2 1792898 1793323
gr13_2 1793316 1794011
gr13_2 1794148 1794693
gr13_2 1794776 1796431
gr13_2 1796428 1796757
gr13_2 1796898 1798853
gr13_2 1799437 1800738
gr13_2 1800841 1801263
gr13_2 1801260 1801829
gr13_2 1802583 1803494
gr13_2 1803494 1804948
gr13_2 1805177 1806721
gr13_2 1806744 1807709
gr13_2 1807815 1809002
gr13_2 1809215 1809424
gr13_2 1809627 1810679
gr13_2 1810890 1811243
gr13_2 1811236 1811535
gr13_2 1811583 1812824
gr13_2 1813101 1813835
gr13_2 1813838 1815622
gr13_2 1815633 1816943
gr13_2 1816990 1818399
gr13_2 1818781 1819065
gr13_2 1819142 1820659
gr13_2 1820821 1822263
gr13_2 1822260 1823573
gr13_2 1823688 1824584
gr13_2 1824660 1825097
gr13_2 1825194 1826075
gr13_2 1826340 1827695
gr13_2 1827692 1828351
gr13_2 1828692 1829060
gr13_2 1829231 1830127
gr13_2 1830238 1831443
gr13_2 1831499 1833889
gr13_2 1834165 1834764
gr13_2 1835165 1836406
gr13_2 1836931 1837560
gr13_2 1838167 1838430
gr13_2 1838633 1839817
gr13_2 1840061 1840945
gr13_2 1840986 1842104
gr13_2 1842162 1843253
gr13_2 1843266 1843865
gr13_2 1844416 1845747
gr13_2 1845805 1846677
gr13_2 1846677 1847492
gr13_2 1847596 1848927
gr13_2 1848929 1849999
gr13_2 1850064 1851002
gr13_2 1851204 1852298
gr13_2 1852329 1852622
gr13_2 1852633 1853496
gr13_2 1853715 1854593
gr13_2 1854612 1855655
gr13_2 1855986 1857011
gr13_2 1857162 1858079
gr13_2 1858090 1859259
gr13_2 1859543 1860118
gr13_2 1860182 1861882
gr13_2 1861858 1862172
gr13_2 1862238 1863539
gr13_2 1863651 1865231
gr13_2 1865296 1865877
gr13_2 1866106 1866399
gr13_2 1866449 1868098
gr13_2 1868316 1868471
gr13_2 1868775 1869122
gr13_2 1869176 1870204
gr13_2 1870248 1870814
gr13_2 1870866 1870997
gr13_2 1871055 1871234
gr13_2 1871290 1871814
gr13_2 1871950 1872927
gr13_2 1873079 1874140
gr13_2 1874230 1875603
gr13_2 1875714 1876115
gr13_2 1876294 1877421
gr13_2 1877649 1878077
gr13_2 1878093 1878485
gr13_2 1878817 1879458
gr13_2 1879462 1879947
gr13_2 1880059 1881816
gr13_2 1882002 1887533
gr13_2 1888423 1890756
gr13_2 1891645 1892364
gr13_2 1892368 1892640
gr13_2 1892637 1893491
gr13_2 1893539 1894018
gr13_2 1894171 1894458
gr13_2 1894480 1895913
gr13_2 1895962 1896687
gr13_2 1896693 1897244
gr13_2 1897219 1897791
gr13_2 1897788 1898354
gr13_2 1898368 1899351
gr13_2 1899368 1900348
gr13_2 1900576 1901391
gr13_2 1901396 1902178
gr13_2 1902183 1902728
gr13_2 1902744 1903379
gr13_2 1903379 1903684
gr13_2 1903798 1904055
gr13_2 1904122 1905381
gr13_2 1905455 1905739
gr13_2 1905978 1906949
gr13_2 1907207 1907518
gr13_2 1907534 1907791
gr13_2 1908034 1909206
gr13_2 1909279 1909698
gr13_2 1909701 1910459
gr13_2 1910456 1911310
gr13_2 1911329 1912945
gr13_2 1912956 1914134
gr13_2 1914312 1915280
gr13_2 1915275 1916537
gr13_2 1916698 1917654
gr13_2 1917651 1918631
gr13_2 1918628 1919419
gr13_2 1919463 1923392
gr13_2 1923385 1923603
gr13_2 1923703 1924908
gr13_2 1925159 1927426
gr13_2 1927490 1928923
gr13_2 1929173 1929649
gr13_2 1929756 1930049
gr13_2 1930177 1930806
gr13_2 1930911 1932845
gr13_2 1932925 1933764
gr13_2 1933761 1935095
gr13_2 1935312 1935650
gr13_2 1936111 1936575
gr13_2 1936600 1938087
gr13_2 1938105 1940798
gr13_2 1940861 1941271
gr13_2 1941271 1942215
gr13_2 1942347 1942616
gr13_2 1942927 1945065
gr13_2 1945195 1946079
gr13_2 1946258 1948198
gr13_2 1948254 1949000
gr13_2 1949175 1950095
gr13_2 1950096 1951106
gr13_2 1951227 1952105
gr13_2 1952115 1953110
gr13_2 1953315 1953839
gr13_2 1953833 1954339
gr13_2 1954323 1954616
gr13_2 1954671 1955120
gr13_2 1955155 1955676
gr13_2 1955822 1956457
gr13_2 1956449 1956916
gr13_2 1956913 1959051
gr13_2 1959301 1961679
gr13_2 1961713 1962714
gr13_2 1962905 1965178
gr13_2 1965458 1967197
gr13_2 1967618 1968829
gr13_2 1968826 1972053
gr13_2 1972050 1975151
gr13_2 1975155 1976540
gr13_2 1976631 1978781
gr13_2 1978778 1979968
gr13_2 1980045 1980431
gr13_2 1980504 1980968
gr13_2 1980981 1981916
gr13_2 1982386 1984566
gr13_2 1984575 1984913
gr13_2 1985104 1986111
gr13_2 1986272 1986688
gr13_2 1986743 1987504
gr13_2 1987875 1989203
gr13_2 1989214 1989999
gr13_2 1989994 1990494
gr13_2 1990800 1991279
gr13_2 1991330 1991692
gr13_2 1991689 1992210
gr13_2 1992263 1995118
gr13_2 1995124 1995582
gr13_2 1995648 1997159
gr13_2 1997428 1998528
gr13_2 1998528 1999604
gr13_2 1999753 2000388
gr13_2 2000490 2001398
gr13_2 2001408 2002688
gr13_2 2002715 2004217
gr13_2 2004338 2005909
gr13_2 2006599 2007327
gr13_2 2007364 2009133
gr13_2 2009138 2010400
gr13_2 2010444 2011112
gr13_2 2011137 2011772
gr13_2 2011905 2012414
gr13_2 2012960 2013361
gr13_2 2013378 2014373
gr13_2 2014578 2015624
gr13_2 2016201 2016428
gr13_2 2016428 2017927
gr13_2 2017930 2019423
gr13_2 2019416 2020567
gr13_2 2020571 2023633
gr13_2 2023714 2025615
gr13_2 2025612 2027345
gr13_2 2027607 2031125
gr13_2 2031511 2032316
gr13_2 2032700 2032975
gr13_2 2032969 2034021
gr13_2 2034153 2034467
gr13_2 2034451 2034774
gr13_2 2035289 2035618
gr13_2 2035701 2035844
gr13_2 2036224 2036862
gr13_2 2036877 2037569
gr13_2 2038324 2038680
gr13_2 2038811 2039236
gr13_2 2039233 2040033
gr13_2 2040121 2040369
gr13_2 2040560 2041075
gr13_2 2041056 2041577
gr13_2 2041579 2042064
gr13_2 2042296 2043156
gr13_2 2043162 2044586
gr13_2 2044694 2045167
gr13_2 2045186 2046703
gr13_2 2046980 2048371
gr13_2 2048524 2049852
gr13_2 2049862 2051361
gr13_2 2051358 2051951
gr13_2 2052133 2052801
gr13_2 2053126 2054295
gr13_2 2054428 2054934
gr13_2 2055182 2055895
gr13_2 2055912 2056877
gr13_2 2057096 2059387
gr13_2 2059609 2059998
gr13_2 2060101 2061018
gr13_2 2060995 2062008
gr13_2 2062513 2063478
gr13_2 2063460 2064014
gr13_2 2064595 2065983
gr13_2 2066070 2067092
gr13_2 2067104 2068090
gr13_2 2068246 2068710
gr13_2 2068805 2069599
gr13_2 2069793 2070890
gr13_2 2071122 2071406
gr13_2 2072038 2073069
gr13_2 2073176 2073586
gr13_2 2073558 2073998
gr13_2 2074017 2074697
gr13_2 2075358 2076008
gr13_2 2076116 2077093
gr13_2 2077107 2078489
gr13_2 2078565 2079806
gr13_2 2079852 2080853
gr13_2 2081058 2081954
gr13_2 2081935 2082537
gr13_2 2082550 2082714
gr13_2 2082779 2084446
gr13_2 2084638 2085408
gr13_2 2085795 2086712
gr13_2 2086722 2088047
gr13_2 2088044 2089057
gr13_2 2089065 2089763
gr13_2 2089765 2090556
gr13_2 2090553 2091626
gr13_2 2091626 2093191
gr13_2 2093284 2094555
gr13_2 2094581 2095282
gr13_2 2095292 2098909
gr13_2 2098912 2100708
gr13_2 2100978 2102897
gr13_2 2102943 2103260
gr13_2 2103261 2103779
gr13_2 2103786 2103974
gr13_2 2103986 2104633
gr13_2 2104674 2105555
gr13_2 2105768 2106223
gr13_2 2106295 2107011
gr13_2 2107621 2108325
gr13_2 2108666 2111128
gr13_2 2111131 2112060
gr13_2 2112064 2113347
gr13_2 2113409 2114182
gr13_2 2114392 2115345
gr13_2 2115472 2116059
gr13_2 2116166 2117473
gr13_2 2117527 2118096
gr13_2 2118399 2120309
gr13_2 2120414 2121559
gr13_2 2122365 2123543
gr13_2 2123574 2124482
gr13_2 2124521 2124784
gr13_2 2125091 2126020
gr13_2 2126050 2128866
gr13_2 2128866 2129372
gr13_2 2129376 2129846
gr13_2 2129827 2130780
gr13_2 2131004 2131819
gr13_2 2132289 2133437
gr13_2 2133452 2136679
gr13_2 2136934 2138073
gr13_2 2138308 2138790
gr13_2 2138881 2140764
gr13_2 2140798 2141655
gr13_2 2141709 2142086
gr13_2 2142090 2142911
gr13_2 2142904 2143896
gr13_2 2143886 2145181
gr13_2 2145236 2147632
gr13_2 2147794 2148603
gr13_2 2148667 2149320
gr13_2 2149360 2152266
gr13_2 2152419 2154773
gr13_2 2154948 2155712
gr13_2 2155718 2156419
gr13_2 2156403 2158013
gr13_2 2157989 2158975
gr13_2 2159160 2160821
gr13_2 2161075 2162253
gr13_2 2162871 2163476
gr13_2 2163480 2164886
gr13_2 2164891 2165982
gr13_2 2165985 2167547
gr13_2 2168452 2170173
gr13_2 2170176 2170667
gr13_2 2170864 2171874
gr13_2 2172369 2172827
gr13_2 2172830 2173771
gr13_2 2173768 2174088
gr13_2 2174105 2175871
gr13_2 2175858 2177345
gr13_2 2177342 2178700
gr13_2 2178694 2179776
gr13_2 2179779 2181095
gr13_2 2181095 2182309
gr13_2 2182306 2183364
gr13_2 2183435 2184913
gr13_2 2184903 2185823
gr13_2 2185840 2186664
gr13_2 2186661 2187917
gr13_2 2187989 2189143
gr13_2 2189245 2190162
gr13_2 2190445 2190969
gr13_2 2191044 2193752
gr13_2 2193907 2194302
gr13_2 2194338 2194535
gr13_2 2194544 2195287
gr13_2 2195292 2195900
gr13_2 2196135 2197175
gr13_2 2197201 2198400
gr13_2 2198393 2199778
gr13_2 2199765 2200220
gr13_2 2200395 2201291
gr13_2 2201490 2202041
gr13_2 2202058 2202912
gr13_2 2202894 2203853
gr13_2 2203850 2205262
gr13_2 2205461 2206816
gr13_2 2207332 2208096
gr13_2 2208200 2210866
gr13_2 2210881 2212782
gr13_2 2212943 2214367
gr13_2 2215416 2215841
gr13_2 2215879 2216124
gr13_2 2216249 2217178
gr13_2 2217631 2218530
gr13_2 2218636 2219145
gr13_2 2219232 2220089
gr13_2 2220452 2223112
gr13_2 2223304 2223681
gr13_2 2224037 2225329
gr13_2 2225505 2226314
gr13_2 2226343 2227206
gr13_2 2227309 2227656
gr13_2 2227839 2229437
gr13_2 2229438 2230721
gr13_2 2230957 2231493
gr13_2 2231574 2232305
gr13_2 2232339 2233268
gr13_2 2233265 2234035
gr13_2 2234264 2234644
gr13_2 2234692 2235546
gr13_2 2235562 2236356
gr13_2 2236440 2236925
gr13_2 2236922 2238361
gr13_2 2238427 2239305
gr13_2 2239379 2239834
gr13_2 2240082 2240786
gr13_2 2240764 2241321
gr13_2 2241358 2243841
gr13_2 2243940 2246477
gr13_2 2246677 2248881
gr13_2 2248921 2249715
gr13_2 2249726 2250604
gr13_2 2250604 2252583
gr13_2 2252939 2254219
gr13_2 2254423 2254770
gr13_2 2254801 2255052
gr13_2 2255176 2255970
gr13_2 2255963 2256661
gr13_2 2256754 2258244
gr13_2 2258379 2259824
gr13_2 2260009 2261166
gr13_2 2261227 2261619
gr13_2 2261844 2262668
gr13_2 2262752 2265406
gr13_2 2265473 2266267
gr13_2 2266586 2267311
gr13_2 2267493 2268344
gr13_2 2268502 2269227
gr13_2 2269275 2269928
gr13_2 2270040 2271236
gr13_2 2271418 2272170
gr13_2 2272189 2273046
gr13_2 2273059 2274405
gr13_2 2274457 2276868
gr13_2 2276979 2277476
gr13_2 2277480 2278505
gr13_2 2278658 2279113
gr13_2 2279117 2279905
gr13_2 2279909 2281057
gr13_2 2281050 2281676
gr13_2 2281708 2285190
gr13_2 2285203 2286159
gr13_2 2286329 2288479
gr13_2 2288544 2288933
gr13_2 2288986 2290305
gr13_2 2290305 2290613
gr13_2 2290654 2290914
gr13_2 2290901 2291101
gr13_2 2291319 2291729
gr13_2 2291962 2293680
gr13_2 2293770 2294474
gr13_2 2294471 2294869
gr13_2 2294998 2295813
gr13_2 2295848 2296501
gr13_2 2296494 2297525
gr13_2 2297715 2298275
gr13_2 2304225 2305127
gr13_2 2305390 2306181
gr13_2 2306299 2307675
gr13_2 2307747 2308502
gr13_2 2308545 2309282
gr13_2 2309264 2309731
gr13_2 2309783 2310514
gr13_2 2310775 2312283
gr13_2 2312428 2313150
gr13_2 2313147 2313878
gr13_2 2313911 2314864
gr13_2 2314915 2315295
gr13_2 2315295 2316692
gr13_2 2316689 2316871
gr13_2 2316884 2318470
gr13_2 2318609 2319448
gr13_2 2319641 2320426
gr13_2 2320437 2321105
gr13_2 2321102 2321761
gr13_2 2321742 2322473
gr13_2 2322494 2323729
gr13_2 2323726 2324979
gr13_2 2324982 2325476
gr13_2 2325473 2325808
gr13_2 2325836 2326603
gr13_2 2326591 2327751
gr13_2 2327909 2328628
gr13_2 2328618 2328917
gr13_2 2328997 2329611
gr13_2 2329608 2330291
gr13_2 2330293 2330835
gr13_2 2330892 2331914
gr13_2 2332037 2333236
gr13_2 2333430 2335880
gr13_2 2336134 2336712
gr13_2 2336764 2337531
gr13_2 2337502 2338245
gr13_2 2338490 2339545
gr13_2 2339582 2340649
gr13_2 2340675 2341676
gr13_2 2341673 2343178
gr13_2 2343439 2344896
gr13_2 2345151 2345609
gr13_2 2345726 2346973
gr13_2 2347106 2347507
gr13_2 2347767 2348879
gr13_2 2349118 2350221
gr13_2 2350232 2351485
gr13_2 2351846 2352577
gr13_2 2353001 2353279
gr13_2 2353484 2353951
gr13_2 2353948 2354295
gr13_2 2354292 2354585
gr13_2 2354789 2356534
gr13_2 2356916 2357128
gr13_2 2357171 2357302
gr13_2 2357570 2359147
gr13_2 2359447 2359596
gr13_2 2359677 2360639
gr13_2 2360807 2361199
gr13_2 2361235 2362617
gr13_2 2363031 2363249
gr13_2 2363971 2365359
gr13_2 2365450 2366310
gr13_2 2366398 2367567
gr13_2 2367773 2369428
gr13_2 2369425 2370198
gr13_2 2370198 2371385
gr13_2 2371444 2371872
gr13_2 2372106 2372210
gr13_2 2372217 2372447
gr13_2 2372547 2372717
gr13_2 2372890 2373540
gr13_2 2373754 2376357
gr13_2 2376630 2376926
gr13_2 2377082 2377402
gr13_2 2377412 2377663
gr13_2 2378098 2379372
gr13_2 2379269 2382391
gr13_2 2382645 2382788
gr13_2 2382993 2383244
gr13_2 2383360 2383662
gr13_2 2383868 2385394
gr13_2 2385456 2386268
gr13_2 2386437 2386886
gr13_2 2386889 2387605
gr13_2 2387921 2388445
gr13_2 2388557 2388748
gr13_2 2389099 2389851
gr13_2 2390140 2391699
gr13_2 2391711 2392643
gr13_2 2392645 2393322
gr13_2 2393418 2393708
gr13_2 2394353 2395264
gr13_2 2395411 2396322
gr13_2 2396406 2397770
gr13_2 2398020 2399024
gr13_2 2399187 2400254
gr13_2 2400251 2400565
gr13_2 2400797 2401474
gr13_2 2401486 2401845
gr13_2 2401842 2402495
gr13_2 2402525 2406199
gr13_2 2406196 2407395
gr13_2 2407593 2408282
gr13_2 2408297 2409610
gr13_2 2409630 2410550
gr13_2 2410716 2411822
gr13_2 2412214 2413533
gr13_2 2413604 2414956
gr13_2 2415470 2416726
gr13_2 2416727 2417539
gr13_2 2417747 2418328
gr13_2 2418432 2419502
gr13_2 2419581 2420729
gr13_2 2420729 2421061
gr13_2 2421120 2422934
gr13_2 2422945 2423913
gr13_2 2423976 2424545
gr13_2 2424562 2424999
gr13_2 2425188 2425637
gr13_2 2425641 2426741
gr13_2 2426832 2427302
gr13_2 2427322 2427741
gr13_2 2427797 2428774
gr13_2 2428764 2429258
gr13_2 2429325 2430299
gr13_2 2430381 2432246
gr13_2 2432266 2433165
gr13_2 2433165 2433407
gr13_2 2433643 2435091
gr13_2 2435171 2435767
gr13_2 2435721 2436641
gr13_2 2436777 2437268
gr13_2 2438016 2439380
gr13_2 2439513 2440400
gr13_2 2440414 2440743
gr13_2 2440743 2441360
gr13_2 2441360 2443342
gr13_2 2443347 2444273
gr13_2 2444718 2446208
gr13_2 2446266 2446844
gr13_2 2447131 2447445
gr13_2 2447739 2449043
gr13_2 2449380 2450003
gr13_2 2450138 2451409
gr13_2 2451596 2453950
gr13_2 2454156 2454437
gr13_2 2454685 2456553
gr13_2 2456694 2457047
gr13_2 2457148 2457546
gr13_2 2457597 2458292
gr13_2 2458334 2460052
gr13_2 2460145 2460966
gr13_2 2461002 2462036
gr13_2 2462154 2462615
gr13_2 2462640 2464409
gr13_2 2464402 2466177
gr13_2 2466435 2466773
gr13_2 2466808 2468094
gr13_2 2468145 2469008
gr13_2 2469199 2469756
gr13_2 2469796 2470107
gr13_2 2470514 2470729
gr13_2 2470754 2471131
gr13_2 2471279 2471632
gr13_2 2471974 2472642
gr13_2 2472639 2473478
gr13_2 2473494 2474372
gr13_2 2474418 2474558
gr13_2 2474570 2474824
gr13_2 2474987 2478142
gr13_2 2478159 2479352
gr13_2 2479495 2480133
gr13_2 2480130 2480282
gr13_2 2480291 2480536
gr13_2 2480594 2481115
gr13_2 2481173 2481562
gr13_2 2481707 2482258
gr13_2 2482417 2484513
gr13_2 2484569 2484901
gr13_2 2484901 2485506
gr13_2 2485604 2487478
gr13_2 2487561 2488430
gr13_2 2488617 2489477
gr13_2 2489607 2490251
gr13_2 2490365 2491324
gr13_2 2491383 2492684
gr13_2 2493149 2494843
gr13_2 2495375 2497141
gr13_2 2497176 2497607
gr13_2 2497697 2498566
gr13_2 2498563 2499042
gr13_2 2499217 2500020
gr13_2 2500092 2502605
gr13_2 2502703 2503107
gr13_2 2503095 2503541
gr13_2 2503541 2504455
gr13_2 2504514 2505371
gr13_2 2505451 2506248
gr13_2 2506584 2507228
gr13_2 2507191 2507376
gr13_2 2507716 2508372
gr13_2 2508382 2508996
gr13_2 2508993 2511410
gr13_2 2511678 2512742
gr13_2 2512739 2513245
gr13_2 2513377 2514102
gr13_2 2514102 2514596
gr13_2 2514809 2516194
gr13_2 2516228 2517334
gr13_2 2517362 2517574
gr13_2 2517575 2518441
gr13_2 2518615 2519118
gr13_2 2519642 2519821
gr13_2 2519905 2520177
gr13_2 2520380 2520826
gr13_2 2520819 2521622
gr13_2 2521822 2522001
gr13_2 2522288 2522515
gr13_2 2523014 2523337
gr13_2 2523655 2523981
gr13_2 2524284 2525183
gr13_2 2525325 2525648
gr13_2 2525869 2526432
gr13_2 2526513 2527235
gr13_2 2527261 2528064
gr13_2 2528412 2528648
gr13_2 2529004 2529600
gr13_2 2529705 2530724
gr13_2 2530828 2531793
gr13_2 2531925 2532434
gr13_2 2532447 2532902
gr13_2 2533158 2533391
gr13_2 2533429 2534325
gr13_2 2534497 2534769
gr13_2 2534782 2535207
gr13_2 2535346 2535663
gr13_2 2535970 2537193
gr13_2 2537546 2537875
gr13_2 2537889 2541650
gr13_2 2542014 2542208
gr13_2 2542251 2542943
gr13_2 2542940 2543692
gr13_2 2543881 2544087
gr13_2 2544153 2545346
gr13_2 2545497 2546087
gr13_2 2546452 2547738
gr13_2 2547980 2549077
gr13_2 2549356 2549820
gr13_2 2549923 2550759
gr13_2 2550925 2552157
gr13_2 2552365 2553681
gr13_2 2553872 2554117
gr13_2 2555415 2555624
gr13_2 2555851 2556282
gr13_2 2556260 2557615
gr13_2 2557736 2558704
gr13_2 2558701 2559492
gr13_2 2559515 2560402
gr13_2 2560399 2561343
gr13_2 2561340 2562110
gr13_2 2562203 2562406
gr13_2 2562520 2563485
gr13_2 2563655 2564314
gr13_2 2564395 2564658
gr13_2 2564759 2566021
gr13_2 2566102 2567199
gr13_2 2567210 2568328
gr13_2 2568331 2570235
gr13_2 2570270 2570740
gr13_2 2570744 2571061
gr13_2 2571154 2571798
gr13_2 2571791 2572822
gr13_2 2572819 2573418
gr13_2 2573433 2576015
gr13_2 2576238 2576720
gr13_2 2576779 2577504
gr13_2 2577505 2578182
gr13_2 2578182 2578922
gr13_2 2579066 2579206
gr13_2 2579203 2580099
gr13_2 2580540 2582063
gr13_2 2582068 2582949
gr13_2 2583032 2583505
gr13_2 2583502 2584563
gr13_2 2584773 2586209
gr13_2 2586370 2587542
gr13_2 2588530 2590197
gr13_2 2590505 2591257
gr13_2 2591297 2592517
gr13_2 2592525 2593673
gr13_2 2593736 2594536
gr13_2 2594865 2596892
gr13_2 2597045 2598712
gr13_2 2598948 2599343
gr13_2 2599415 2599858
gr13_2 2600207 2600737
gr13_2 2600870 2601145
gr13_2 2601314 2602078
gr13_2 2602329 2602877
gr13_2 2602904 2604544
gr13_2 2604817 2605491
gr13_2 2605749 2605949
gr13_2 2606105 2607061
gr13_2 2607074 2608498
gr13_2 2608517 2609260
gr13_2 2609420 2610076
gr13_2 2610070 2610999
gr13_2 2610989 2611726
gr13_2 2611780 2612508
gr13_2 2612508 2613524
gr13_2 2613531 2614178
gr13_2 2614190 2614978
gr13_2 2615331 2616614
gr13_2 2617248 2617637
gr13_2 2617631 2617978
gr13_2 2618036 2619745
gr13_2 2619760 2620476
gr13_2 2620677 2623484
gr13_2 2623500 2624723
gr13_2 2624794 2625960
gr13_2 2625960 2626835
gr13_2 2627410 2628981
gr13_2 2628993 2630132
gr13_2 2630148 2630252
gr13_2 2630252 2630545
gr13_2 2630724 2631128
gr13_2 2631125 2631811
gr13_2 2631825 2632253
gr13_2 2632281 2633582
gr13_2 2633698 2634993
gr13_2 2635044 2635574
gr13_2 2635584 2636378
gr13_2 2637427 2638902
gr13_2 2639061 2639603
gr13_2 2639730 2640791
gr13_2 2640816 2641538
gr13_2 2641532 2642515
gr13_2 2642493 2645555
gr13_2 2645552 2646133
gr13_2 2646232 2646597
gr13_2 2646888 2647940
gr13_2 2648013 2648765
gr13_2 2648917 2649951
gr13_2 2649945 2651093
gr13_2 2651090 2652136
gr13_2 2652374 2653846
gr13_2 2653916 2654698
gr13_2 2654835 2654990
gr13_2 2655135 2655908
gr13_2 2655905 2656594
gr13_2 2656594 2657652
gr13_2 2657653 2658471
gr13_2 2658627 2659628
gr13_2 2659673 2660149
gr13_2 2660225 2661529
gr13_2 2661615 2662646
gr13_2 2662646 2663797
gr13_2 2663781 2664536
gr13_2 2664533 2665204
gr13_2 2665348 2666070
gr13_2 2666964 2668985
gr13_2 2668969 2669892
gr13_2 2670220 2671206
gr13_2 2671221 2671736
gr13_2 2671739 2672224
gr13_2 2672217 2672462
gr13_2 2672464 2672916
gr13_2 2673022 2673807
gr13_2 2673914 2675008
gr13_2 2675255 2675962
gr13_2 2676013 2676978
gr13_2 2676978 2678222
gr13_2 2678219 2678980
gr13_2 2679160 2679552
gr13_2 2679770 2681149
gr13_2 2681152 2682102
gr13_2 2682173 2683360
gr13_2 2683382 2684983
gr13_2 2685171 2686292
gr13_2 2686507 2688321
gr13_2 2688553 2689134
gr13_2 2689340 2689927
gr13_2 2690106 2691053
gr13_2 2691280 2693727
gr13_2 2694182 2696833
gr13_2 2696882 2698279
gr13_2 2698573 2700276
gr13_2 2700432 2702729
gr13_2 2702826 2703701
gr13_2 2703952 2704272
gr13_2 2704264 2705076
gr13_2 2705599 2706708
gr13_2 2706900 2708795
gr13_2 2708942 2709484
gr13_2 2709609 2711084
gr13_2 2711396 2712307
gr13_2 2712311 2713486
gr13_2 2713479 2714426
gr13_2 2714414 2715145
gr13_2 2715321 2716055
gr13_2 2716205 2716768
gr13_2 2716765 2717283
gr13_2 2717475 2719643
gr13_2 2719670 2720638
gr13_2 2720640 2721797
gr13_2 2721998 2723683
gr13_2 2723699 2725249
gr13_2 2725576 2726331
gr13_2 2726315 2726857
gr13_2 2726854 2728209
gr13_2 2728291 2729508
gr13_2 2729505 2730296
gr13_2 2730612 2731460
gr13_2 2731473 2732192
gr13_2 2732201 2732932
gr13_2 2732935 2733729
gr13_2 2733726 2735243
gr13_2 2735247 2735879
gr13_2 2736021 2736953
gr13_2 2737033 2737755
gr13_2 2737752 2738411
gr13_2 2738490 2739236
gr13_2 2739556 2740059
gr13_2 2740386 2741300
gr13_2 2741669 2742181
gr13_2 2742422 2742613
gr13_2 2742867 2743325
gr13_2 2743346 2744455
gr13_2 2744597 2745751
gr13_2 2745748 2747316
gr13_2 2747318 2748847
gr13_2 2749713 2750114
gr13_2 2750293 2751885
gr13_2 2752188 2752946
gr13_2 2752947 2754182
gr13_2 2754439 2755398
gr13_2 2755408 2757264
gr13_2 2757319 2758854
gr13_2 2758901 2759830
gr13_2 2759827 2760732
gr13_2 2760729 2761178
gr13_2 2761696 2762331
gr13_2 2762473 2763132
gr13_2 2763248 2764384
gr13_2 2764593 2765249
gr13_2 2765462 2766724
gr13_2 2767025 2767630
gr13_2 2768034 2769680
gr13_2 2769981 2770346
gr13_2 2770434 2770697
gr13_2 2770953 2771204
gr13_2 2771221 2771943
gr13_2 2771964 2772866
gr13_2 2772954 2773433
gr13_2 2773821 2774930
gr13_2 2774978 2776186
gr13_2 2776196 2777158
gr13_2 2777155 2778000
gr13_2 2778076 2778543
gr13_2 2778585 2779775
gr13_2 2779754 2780485
gr13_2 2780601 2781269
gr13_2 2781269 2781985
gr13_2 2781992 2782723
gr13_2 2782739 2783467
gr13_2 2783692 2784231
gr13_2 2784338 2784658
gr13_2 2784655 2785479
gr13_2 2785484 2786527
gr13_2 2786555 2788276
gr13_2 2788407 2789306
gr13_2 2789439 2791076
gr13_2 2791150 2791371
gr13_2 2791688 2792008
gr13_2 2792061 2794337
gr13_2 2794425 2794643
gr13_2 2794989 2795681
gr13_2 2795715 2797445
gr13_2 2797445 2799214
gr13_2 2799358 2800326
gr13_2 2800847 2801341
gr13_2 2801460 2805011
gr13_2 2805189 2805800
gr13_2 2805808 2807151
gr13_2 2807244 2808536
gr13_2 2808855 2810006
gr13_2 2810060 2810800
gr13_2 2810965 2813247
gr13_2 2813319 2814179
gr13_2 2814553 2816316
gr13_2 2816630 2817715
gr13_2 2817798 2819084
gr13_2 2819283 2819969
gr13_2 2820078 2821751
gr13_2 2821834 2822118
gr13_2 2822323 2824578
gr13_2 2824613 2826361
gr13_2 2826358 2827344
gr13_2 2827384 2828598
gr13_2 2828704 2828886
gr13_2 2828883 2829632
gr13_2 2829744 2830637
gr13_2 2830617 2831402
gr13_2 2831528 2832313
gr13_2 2832310 2833632
gr13_2 2833613 2834338
gr13_2 2834335 2838822
gr13_2 2838970 2840781
gr13_2 2840967 2841515
gr13_2 2841555 2842184
gr13_2 2842227 2843417
gr13_2 2843651 2844772
gr13_2 2845074 2846474
gr13_2 2846632 2847837
gr13_2 2848081 2850696
gr13_2 2850735 2851523
gr13_2 2851520 2852311
gr13_2 2852322 2853470
gr13_2 2853480 2854433
gr13_2 2854445 2854996
gr13_2 2855747 2856727
gr13_2 2856828 2858129
gr13_2 2858264 2859274
gr13_2 2859428 2859970
gr13_2 2859971 2861080
gr13_2 2861191 2863305
gr13_2 2863312 2865228
gr13_2 2865243 2866511
gr13_2 2866498 2868141
gr13_2 2868138 2868707
gr13_2 2868987 2869154
gr13_2 2869223 2869741
gr13_2 2869810 2871624
gr13_2 2871732 2872199
gr13_2 2872301 2873371
gr13_2 2873722 2874213
gr13_2 2874424 2875053
gr13_2 2875050 2877209
gr13_2 2877193 2877633
gr13_2 2877778 2879811
gr13_2 2879813 2880313
gr13_2 2880341 2880982
gr13_2 2881159 2881578
gr13_2 2881610 2881927
gr13_2 2881987 2883177
gr13_2 2883263 2883541
gr13_2 2883542 2883868
gr13_2 2883973 2884626
gr13_2 2885445 2887064
gr13_2 2887130 2888503
gr13_2 2888557 2888787
gr13_2 2888808 2889407
gr13_2 2889708 2889881
gr13_2 2889978 2890892
gr13_2 2890897 2892225
gr13_2 2892272 2892787
gr13_2 2892807 2893616
gr13_2 2893616 2894011
gr13_2 2894032 2894748
gr13_2 2894745 2895836
gr13_2 2896164 2896799
gr13_2 2896838 2897812
gr13_2 2897860 2899254
gr13_2 2899541 2900236
gr13_2 2901406 2902128
gr13_2 2902251 2902862
gr13_2 2902898 2903122
gr13_2 2903555 2904214
gr13_2 2904207 2906039
gr13_2 2906109 2906657
gr13_2 2907230 2907487
gr13_2 2907947 2908804
gr13_2 2909197 2909397
gr13_2 2909432 2910937
gr13_2 2911077 2911337
gr13_2 2911728 2912135
gr13_2 2912177 2913025
gr13_2 2913171 2913602
gr13_2 2913605 2915290
gr13_2 2915287 2916381
gr13_2 2916378 2917763
gr13_2 2918030 2918416
gr13_2 2918647 2919378
gr13_2 2919371 2920171
gr13_2 2920185 2920442
gr13_2 2920459 2920713
gr13_2 2920721 2921284
gr13_2 2921281 2922600
gr13_2 2922587 2922934
gr13_2 2922928 2924637
gr13_2 2924630 2925043
gr13_2 2925037 2925645
gr13_2 2925632 2927938
gr13_2 2927935 2928507
gr13_2 2928504 2929664
gr13_2 2929654 2930130
gr13_2 2930127 2930858
gr13_2 2930855 2932090
gr13_2 2932223 2932366
gr13_2 2932406 2932579
gr13_2 2932567 2933730
gr13_2 2933885 2935345
gr13_2 2935539 2936672
gr13_2 2936911 2938476
gr13_2 2938469 2941021
gr13_2 2941153 2941395
gr13_2 2941386 2941787
gr13_2 2941918 2942184
gr13_2 2942714 2943637
gr13_2 2943890 2944939
gr13_2 2944979 2945554
gr13_2 2945556 2946197
gr13_2 2946427 2947539
gr13_2 2947634 2947888
gr13_2 2948135 2948407
gr13_2 2948553 2948798
gr13_2 2948861 2949904
gr13_2 2950589 2951152
gr13_2 2951267 2951914
gr13_2 2952214 2952804
gr13_2 2952821 2953459
gr13_2 2953461 2954381
gr13_2 2954504 2956042
gr13_2 2956349 2956780
gr13_2 2956786 2957094
gr13_2 2957199 2957858
gr13_2 2958013 2958426
gr13_2 2958429 2958833
gr13_2 2958846 2959520
gr13_2 2959547 2960803
gr13_2 2960824 2961579
gr13_2 2961597 2962379
gr13_2 2962440 2963150
gr13_2 2963160 2964269
gr13_2 2964269 2965231
gr13_2 2965355 2967004
gr13_2 2967019 2967984
gr13_2 2968365 2971823
gr13_2 2972397 2973353
gr13_2 2973365 2973952
gr13_2 2974093 2974614
gr13_2 2974629 2974799
gr13_2 2974825 2975865
gr13_2 2975866 2976819
gr13_2 2976836 2977768
gr13_2 2977779 2978513
gr13_2 2978668 2978904
gr13_2 2978990 2980231
gr13_2 2980323 2981138
gr13_2 2981135 2982154
gr13_2 2982144 2982776
gr13_2 2982776 2983765
gr13_2 2983784 2984575
gr13_2 2984865 2986301
gr13_2 2986356 2987495
gr13_2 2987499 2989097
gr13_2 2989456 2989806
gr13_2 2989827 2990195
gr13_2 2990243 2990800
gr13_2 2990817 2991599
gr13_2 2991639 2992679
gr13_2 2992720 2993262
gr13_2 2993472 2994779
gr13_2 2995381 2997099
gr13_2 2997139 3007794
gr13_2 3007791 3008279
gr13_2 3008322 3008552
gr13_2 3008918 3009070
gr13_2 3009691 3010254
gr13_2 3010469 3010963
gr13_2 3011081 3011620
gr13_2 3012026 3012568
gr13_2 3012713 3016156
gr13_2 3016385 3016594
gr13_2 3016843 3018042
gr13_2 3018035 3018739
gr13_2 3018739 3019983
gr13_2 3020129 3020962
gr13_2 3021199 3022428
gr13_2 3022495 3023619
gr13_2 3023677 3025137
gr13_2 3025140 3025808
gr13_2 3025913 3027283
gr13_2 3027328 3027969
gr13_2 3028012 3029124
gr13_2 3029167 3029640
gr13_2 3029685 3030326
gr13_2 3030452 3031702
gr13_2 3032172 3032423
gr13_2 3033297 3034304
gr13_2 3034298 3034636
gr13_2 3034636 3035697
gr13_2 3036061 3036231
gr13_2 3036402 3036650
gr13_2 3036863 3037075
gr13_2 3037096 3038106
gr13_2 3038130 3038687
gr13_2 3038749 3039078
gr13_2 3039290 3039472
gr13_2 3039657 3040040
gr13_2 3040055 3040468
gr13_2 3040469 3041131
gr13_2 3041154 3042077
gr13_2 3042242 3042871
gr13_2 3042864 3043838
gr13_2 3044022 3044963
gr13_2 3044966 3045565
gr13_2 3045565 3047079
gr13_2 3047082 3048188
gr13_2 3048378 3049208
gr13_2 3049201 3050145
gr13_2 3050148 3051635
gr13_2 3051656 3053074
gr13_2 3053186 3054316
gr13_2 3054413 3055147
gr13_2 3055357 3055605
gr13_2 3055673 3057772
gr13_2 3057964 3059649
gr13_2 3059860 3060801
gr13_2 3060841 3061578
gr13_2 3062183 3062878
gr13_2 3063267 3063539
gr13_2 3063567 3064133
gr13_2 3064257 3064622
gr13_2 3064915 3066291
gr13_2 3066338 3067222
gr13_2 3067396 3068121
gr13_2 3068109 3068672
gr13_2 3068905 3070425
gr13_2 3071495 3072091
gr13_2 3072118 3072609
gr13_2 3072609 3073958
gr13_2 3073973 3075211
gr13_2 3075215 3078844
gr13_2 3078859 3079575
gr13_2 3079586 3080605
gr13_2 3080687 3081220
gr13_2 3081217 3082716
gr13_2 3083011 3083229
gr13_2 3083552 3084034
gr13_2 3084085 3084576
gr13_2 3084573 3084932
gr13_2 3085082 3085456
gr13_2 3085536 3085934
gr13_2 3085934 3086356
gr13_2 3086748 3088619
gr13_2 3088616 3089407
gr13_2 3089418 3090392
gr13_2 3090409 3091236
gr13_2 3091226 3091801
gr13_2 3091804 3093675
gr13_2 3093672 3094718
gr13_2 3094773 3097382
gr13_2 3097410 3098915
gr13_2 3098932 3101145
gr13_2 3101154 3101531
gr13_2 3101976 3104516
gr13_2 3104513 3105583
gr13_2 3105596 3106201
gr13_2 3106211 3106603
gr13_2 3106648 3108618
gr13_2 3108643 3109701
gr13_2 3109725 3110162
gr13_2 3110183 3111247
gr13_2 3111440 3114157
gr13_2 3114171 3114731
gr13_2 3114950 3115426
gr13_2 3115504 3115866
gr13_2 3115925 3116365
gr13_2 3116369 3120823
gr13_2 3120820 3121194
gr13_2 3121448 3121609
gr13_2 3121890 3122852
gr13_2 3122852 3123433
gr13_2 3124081 3124344
gr13_2 3124621 3124992
gr13_2 3125339 3125473
gr13_2 3126113 3126358
gr13_2 3126655 3127056
gr13_2 3127280 3127798
gr13_2 3128024 3128239
gr13_2 3128446 3128652
gr13_2 3128822 3129912
gr13_2 3130165 3130548
gr13_2 3130677 3131201
gr13_2 3131411 3132028
gr13_2 3132876 3133121
gr13_2 3133239 3133625
gr13_2 3133872 3134099
gr13_2 3134178 3135263
gr13_2 3135622 3136629
gr13_2 3136631 3137596
gr13_2 3137612 3139477
gr13_2 3139500 3141041
gr13_2 3141124 3142056
gr13_2 3142053 3142937
gr13_2 3142940 3143983
gr13_2 3143980 3144801
gr13_2 3145202 3146110
gr13_2 3146372 3147463
gr13_2 3147572 3148159
gr13_2 3148415 3148690
gr13_2 3148687 3149838
gr13_2 3150053 3151000
gr13_2 3151137 3151994
gr13_2 3151991 3152614
gr13_2 3152831 3154087
gr13_2 3154130 3155212
gr13_2 3155212 3156045
gr13_2 3156069 3156461
gr13_2 3156463 3157272
gr13_2 3157298 3158152
gr13_2 3158213 3159304
gr13_2 3159678 3159908
gr13_2 3160054 3160809
gr13_2 3160883 3161617
gr13_2 3161602 3161859
gr13_2 3162093 3162311
gr13_2 3162356 3163405
gr13_3 1 860
gr13_3 1050 2513
gr13_3 2510 3523
gr13_3 3523 4302
gr13_3 4371 5291
gr13_3 5492 6325
gr13_3 6322 6819
gr13_3 6932 7366
gr13_3 7359 9542
gr13_3 9559 10817
gr13_3 10843 12165
gr13_3 12200 12862
gr13_3 12922 13977
gr13_3 13990 16580
gr13_3 16606 17343
gr13_3 17406 17933
gr13_3 18028 18249
gr13_3 18259 18576
gr13_3 19602 20192
gr13_3 20238 20873
gr13_3 21014 21733
gr13_3 21947 24358
gr13_3 24380 34867
gr13_3 35151 36476
gr13_3 36565 38841
gr13_3 38838 40082
gr13_3 40145 40462
gr13_3 40503 43400
gr13_3 44059 44271
gr13_3 44808 45011
gr13_3 45246 45689
gr13_3 46292 47302
gr13_3 47411 48424
gr13_3 48568 49104
gr13_3 49192 49641
gr13_3 49638 50423
gr13_3 50450 51028
gr13_3 51727 52863
gr13_3 52865 53848
gr13_3 53845 55824
gr13_3 55824 56726
gr13_3 56726 58393
gr13_3 58393 58713
gr13_3 58710 59075
gr13_3 59180 59395
gr13_3 59942 60274
gr13_3 60271 60561
gr13_3 60835 61122
gr13_3 61119 61370
gr13_3 61511 63163
gr13_3 63758 64084
gr13_3 64086 65222
gr13_3 65498 65767
gr13_3 66081 67031
gr13_3 67127 69016
gr13_3 69291 70463
gr13_3 70483 71895
gr13_3 71964 73373
gr13_3 73730 75190
gr13_3 75156 76400
gr13_3 76698 77168
gr13_3 78101 79138
gr13_3 79575 81902
gr13_3 81902 82126
gr13_3 82621 83001
gr13_3 83974 84210
gr13_3 84274 84816
gr13_3 84921 85223
gr13_3 85276 85461
gr13_3 86322 86735
gr13_3 86965 87411
gr13_3 87480 89042
gr13_3 89318 89719
gr13_3 89811 90803
gr13_3 90879 91658
gr13_3 92009 92677
gr13_3 92727 93743
gr13_3 93848 95821
gr13_3 96181 96420
gr13_3 96420 96707
gr13_3 96752 97048
gr13_3 97250 97426
gr13_3 97490 98386
gr13_3 98520 99713
gr13_3 99782 100807
gr13_3 100867 103971
gr13_3 104226 104507
gr13_3 104628 104975
gr13_3 105149 105592
gr13_3 105947 108274
gr13_3 108512 109627
gr13_3 109705 110505
gr13_3 110561 112486
gr13_3 113089 114747
gr13_3 115390 115719
gr13_3 115795 116028
gr13_3 116988 118205
gr13_3 118377 118586
gr13_3 118782 119546
gr13_3 119620 120108
gr13_3 120283 120519
gr13_3 120892 121116
gr13_3 121637 123421
gr13_3 123622 123831
gr13_3 124083 125270
gr13_3 125224 125493
gr13_3 126633 127706
gr13_3 129759 130961
gr13_3 130958 131929
gr13_3 132149 133075
gr13_3 133234 134769
gr13_3 134837 136207
gr13_3 136207 137616
gr13_3 137646 138650
gr13_3 138671 139861
gr13_3 139884 140429
gr13_3 140811 141056
gr13_3 141058 141969
gr13_3 142488 142661
gr13_3 143059 144642
gr13_3 144667 146448
gr13_3 146796 147617
gr13_3 147620 147799
gr13_3 148161 148400
gr13_3 148806 150941
gr13_3 150997 151569
gr13_3 151828 152397
gr13_3 152684 154162
gr13_3 154376 155209
gr13_3 155569 155862
gr13_3 155856 156344
gr13_3 156977 159523
gr13_3 159579 159833
gr13_3 159830 160081
gr13_3 160266 161105
gr13_3 161273 162586
gr13_3 162928 164379
gr13_3 164585 165358
gr13_3 165380 167059
gr13_3 167074 167856
gr13_3 167961 168866
gr13_3 168938 169183
gr13_3 169234 172278
gr13_3 172275 173408
gr13_3 173502 174671
gr13_3 174668 175366
gr13_3 175496 176281
gr13_3 176841 177803
gr13_3 177918 178796
gr13_3 179037 180317
gr13_3 180555 181169
gr13_3 181253 182411
gr13_4 1 655
gr13_4 765 980
gr13_4 1044 2246
gr13_4 2413 3153
gr13_4 3237 4613
gr13_4 4711 6201
gr13_4 6312 7598
gr13_4 7675 9090
gr13_4 9409 9711
gr13_4 10086 10235
gr13_4 10198 10617
gr13_4 10656 11537
gr13_4 11684 12535
gr13_4 12626 13297
gr13_4 13585 14496
gr13_4 14594 15652
gr13_4 15711 16589
gr13_4 16693 17163
gr13_4 17475 18560
gr13_4 18706 20679
gr13_4 20884 21774
gr13_4 22234 24354
gr13_4 24344 25483
gr13_4 25472 26455
gr13_4 26452 27018
gr13_4 27114 29498
gr13_4 29495 30487
gr13_4 30484 30972
gr13_4 31412 32305
gr13_4 32326 32556
gr13_4 32559 32663
gr13_4 33192 33719
gr13_4 33719 34144
gr13_4 34220 34534
gr13_4 34631 35482
gr13_4 35482 36342
gr13_4 36345 37160
gr13_4 37157 38071
gr13_4 38530 38823
gr13_4 39071 39316
gr13_4 39491 39784
gr13_4 39736 39909
gr13_4 39946 40200
gr13_4 40670 40864
gr13_4 41289 42305
gr13_4 42422 42817
gr13_4 42838 43722
gr13_4 43822 44547
gr13_4 44594 45334
gr13_4 45443 45604
gr13_4 45546 45875
gr13_4 45909 46601
gr13_4 46669 47829
gr13_4 47964 48470
gr13_4 48476 49078
gr13_4 49122 49817
gr13_4 49933 50253
gr13_4 50381 50599
gr13_4 50589 51242
gr13_4 51260 51592
gr13_4 51668 52045
gr13_4 52071 52598
gr13_4 52595 52984
gr13_4 52984 53289
gr13_4 53386 54267
gr13_4 54233 54820
gr13_4 54948 55079
gr13_4 55218 55772
gr13_4 56183 56800
gr13_4 56924 57316
gr13_4 57486 58493
gr13_4 58803 59993
gr13_4 60082 64635
gr13_4 64600 65547
gr13_4 65643 66497
gr13_4 66537 68036
gr13_4 68055 68615
gr13_4 68955 70406
gr13_4 70606 71508
gr13_4 71706 72455
gr13_4 72510 73808
gr13_4 73821 74663
gr13_4 74665 75675
gr13_4 76821 77792
gr13_4 77800 78999
gr13_4 80800 81729
gr13_4 82189 83559
gr13_4 83563 84741
gr13_4 84834 86063
gr13_4 86183 86521
gr13_4 86522 87070
gr13_4 87182 87850
gr13_4 87847 88170
gr13_4 88278 89180
gr13_4 89237 89929
gr13_4 89915 90880
gr13_4 90873 93935
gr13_4 93935 95023
gr13_4 95538 98267
gr13_4 98256 99287
gr13_4 99490 100104
gr13_4 100155 101054
gr13_4 101296 102483
gr13_4 102505 103353
gr13_4 103360 104085
gr13_4 104095 104781
gr13_4 104778 105557
gr13_4 105474 105731
gr13_4 105682 106407
gr13_4 106544 107113
gr13_4 107203 107799
gr13_4 107941 108366
gr13_4 108370 108675
gr13_4 108700 109209
gr13_4 109673 110242
gr13_4 110417 110785
gr13_4 110886 111632
gr13_4 111775 112149
gr13_4 112165 113478
gr13_4 113809 114417
gr13_4 114855 115643
gr13_4 116198 117415
gr13_4 118022 122146
gr13_4 122499 122846
gr13_4 123046 123651
gr13_4 124247 124660
gr13_4 124851 125381
gr13_4 125374 127581
gr13_4 127598 127789
gr13_4 127902 128062
gr13_4 128264 128827
gr13_4 129078 129779
gr13_4 130341 130613
gr13_4 130591 131121
gr13_4 131366 131500
gr13_4 131700 131990
gr13_4 132272 132775
gr13_4 132807 133175
gr13_4 133375 133995
gr13_4 134187 134528
gr13_4 134663 135565
gr13_4 135684 136409
gr13_4 136817 137164
gr13_4 137216 138208
gr13_4 138417 138857
gr13_4 139010 139630
gr13_4 139959 140642
gr13_4 141274 141603
gr13_4 141575 142396
gr13_4 142832 143143
gr13_4 143144 143881
gr13_4 144050 144655
gr13_4 144785 145675
gr13_4 145872 147389
gr13_4 147637 148641
gr13_4 148741 150618
gr13_4 150977 151414
gr13_4 151816 152157
gr13_4 152188 152787
gr13_4 153032 154150
gr13_4 154476 155696
gr13_4 155696 157045
gr13_4 157056 157907
gr13_4 157911 159104
gr13_4 159146 161221
gr13_4 161843 162166
gr13_4 162250 163512
gr13_4 163778 164848
gr13_4 165034 165360
gr13_4 165464 166237
gr13_4 166644 167387
gr13_4 167442 168545
gr13_4 168599 169180
gr13_4 169244 169882
gr13_4 170116 170499
gr13_4 170933 172180
gr13_4 172473 172784
gr13_4 172923 173309
gr13_4 173654 173871
gr13_4 174007 174225
gr13_4 174455 175276
gr13_4 175273 176436
gr13_4 176438 176665
gr13_4 176793 176975
gr13_4 177174 177464
gr13_4 178094 179065
gr13_4 179321 179845
gr13_4 179889 180455
gr13_4 180583 181512
gr13_4 181685 182872
gr13_4 182998 183594
gr13_4 183698 184438
gr13_4 184673 184861
gr13_4 185047 186189
gr13_4 186199 187029
gr13_4 187143 188156
gr13_4 188392 188868
gr13_4 189030 190052
gr13_4 190254 191036
gr13_4 191112 192200
gr13_4 192328 192876
gr13_4 193057 193857
gr13_4 194291 194917
gr13_4 195390 195863
gr13_4 196356 197330
gr13_4 197431 198306
gr13_4 198199 198462
gr13_4 198459 198929
gr13_4 199406 200746
gr13_4 200927 201877
gr13_4 201928 202944
gr13_4 203008 203310
gr13_4 203471 203914
gr13_4 204645 205619
gr13_4 205873 206433
gr13_4 206527 206763
gr13_4 206890 207091
gr13_4 207120 207299
gr13_4 207596 208432
gr13_4 208639 209316
gr13_4 209316 210704
gr13_4 210766 211191
gr13_4 211531 212010
gr13_4 212104 212508
gr13_4 212991 214403
gr13_4 214536 214889
gr13_4 214899 215153
gr13_4 215392 215718
gr13_4 216167 217117
gr13_4 217117 217809
gr13_4 217982 218692
gr13_4 219156 220136
gr13_4 220164 221195
gr13_4 221323 221901
gr13_4 221965 222474
gr13_4 222670 223299
gr13_4 223485 223913
gr13_4 224003 224557
gr13_4 224832 225719
gr13_4 225988 227106
gr13_4 227123 227437
gr13_4 227680 228225
gr13_4 228540 229478
gr13_4 229468 229665
gr13_4 229668 230426
gr13_4 230436 231404
gr13_4 231414 231827
gr13_4 232080 232622
gr13_4 232940 233209
gr13_4 233358 233885
gr13_4 233824 234753
gr13_4 234750 236228
gr13_4 236225 237385
gr13_4 237372 238667
gr13_4 238677 239588
gr13_4 239804 240352
gr13_4 240507 240734
gr13_4 240780 241457
gr13_4 241584 243314
gr13_4 243360 243701
gr13_4 244001 244939
gr13_4 245154 246083
gr13_4 246222 247142
gr13_4 247231 248442
gr13_4 248606 248776
gr13_4 248881 249054
gr13_4 249376 250524
gr13_4 250783 252420
gr13_4 252426 253304
gr13_4 253604 254110
gr13_4 254163 255029
gr13_4 255206 255793
gr13_4 255847 257313
gr13_4 257623 258801
gr13_4 259021 259833
gr13_4 259830 260864
gr13_4 260848 261516
gr13_4 261520 263835
gr13_4 263967 264986
gr13_4 265003 265812
gr13_4 265805 266593
gr13_4 266581 267249
gr13_4 267259 268329
gr13_4 268427 269029
gr13_4 269019 269627
gr13_4 269714 270604
gr13_4 270755 272278
gr13_4 272336 273526
gr13_4 273889 274998
gr13_4 275042 276343
gr13_4 276446 277384
gr13_4 277573 277788
gr13_4 277887 278231
gr13_4 278238 278708
gr13_4 278898 280973
gr13_4 280982 283384
gr13_4 283667 286369
gr13_4 286486 286632
gr13_4 287061 287420
gr13_4 287491 287913
gr13_4 288030 288296
gr13_4 288310 288708
gr13_4 289421 289651
gr13_4 290079 290564
gr13_4 290753 291703
gr13_4 291812 293038
gr13_4 293292 293732
gr13_4 293846 294271
gr13_4 294284 295573
gr13_4 295619 295939
gr13_4 296026 296724
gr13_4 296871 298412
gr13_4 298534 299424
gr13_4 299770 301707
gr13_4 302572 303591
gr13_4 304301 305368
gr13_4 305467 306384
gr13_4 306573 307064
gr13_4 307070 307480
gr13_4 307617 308297
gr13_4 308290 309648
gr13_4 309912 310205
gr13_4 310606 311511
gr13_4 311659 312219
gr13_4 312221 313429
gr13_4 313432 313905
gr13_4 314064 315074
gr13_4 315084 315911
gr13_4 316011 317459
gr13_4 317781 318683
gr13_4 318784 319851
gr13_4 319940 320596
gr13_4 320856 321429
gr13_4 321696 322085
gr13_4 322096 322464
gr13_4 322461 322892
gr13_4 323046 324692
gr13_4 324849 326357
gr13_4 326946 329726
gr13_4 329790 330752
gr13_4 330746 331465
gr13_4 331462 333051
gr13_4 333403 335052
gr13_4 335126 335440
gr13_4 335645 336958
gr13_4 337238 337372
gr13_4 337760 338764
gr13_4 338933 339808
gr13_4 339952 341418
gr13_4 341433 342815
gr13_4 343291 343866
gr13_4 343971 344864
gr13_4 345005 345754
gr13_4 346049 347245
gr13_4 347670 347882
gr13_4 348062 349078
gr13_4 349310 350221
gr13_4 350366 351595
gr13_4 351622 352683
gr13_4 352739 353719
gr13_4 353884 354609
gr13_4 354650 355471
gr13_4 355519 357147
gr13_4 357134 357556
gr13_4 357559 359436
gr13_4 359712 360416
gr13_4 360476 360697
gr13_4 360700 360954
gr13_4 360998 361381
gr13_4 361381 366921
gr13_4 366951 367571
gr13_4 368393 371365
gr13_4 371365 371850
gr13_4 371867 372277
gr13_4 372769 373671
gr13_4 373843 375051
gr13_4 375145 376053
gr13_4 376175 377104
gr13_4 377363 378133
gr13_4 378254 379405
gr13_4 379488 380129
gr13_4 380116 380670
gr13_4 380742 381983
gr13_4 382008 382565
gr13_4 382935 384143
gr13_4 384168 384353
gr13_4 384461 384721
gr13_4 384721 384993
gr13_4 384909 385112
gr13_4 385093 385332
gr13_4 385480 385968
gr13_4 385985 386344
gr13_4 386341 386850
gr13_4 386878 387010
gr13_4 387649 388041
gr13_4 388038 389417
gr13_4 389544 390455
gr13_4 390909 391679
gr13_4 391717 392790
gr13_4 392793 393566
gr13_4 393666 394574
gr13_4 394673 398284
gr13_4 398449 399084
gr13_4 399095 399823
gr13_4 399820 400605
gr13_4 400602 401417
gr13_4 401442 402497
gr13_4 402945 403994
gr13_4 403994 404680
gr13_4 404751 405332
gr13_4 405484 405867
gr13_4 406152 406949
gr13_4 407082 407789
gr13_4 408180 408614
gr13_4 408670 409143
gr13_4 409189 409584
gr13_4 409946 410716
gr13_4 410839 411228
gr13_4 411693 412967
gr13_4 413010 414179
gr13_4 414477 415724
gr13_4 415734 416642
gr13_4 416632 417471
gr13_4 417474 418421
gr13_4 418424 419506
gr13_4 420150 422090
gr13_4 422613 423740
gr13_4 423809 425203
gr13_4 425216 427078
gr13_4 427216 428049
gr13_4 428665 429009
gr13_4 429168 429962
gr13_4 429959 430519
gr13_4 430676 431575
gr13_4 431572 432366
gr13_4 432350 433276
gr13_4 433286 433804
gr13_4 433815 434756
gr13_4 434768 436081
gr13_4 436162 437313
gr13_4 437337 438335
gr13_4 438886 439620
gr13_4 440197 440646
gr13_4 440695 440967
gr13_4 441007 442380
gr13_4 442496 442909
gr13_4 442906 443217
gr13_4 443658 445211
gr13_4 445222 446514
gr13_4 446516 448870
gr13_4 448948 450174
gr13_4 450493 450918
gr13_4 451266 452900
gr13_4 452913 453854
gr13_4 453851 454702
gr13_4 454699 456318
gr13_4 456315 457322
gr13_4 457319 458419
gr13_4 458422 459561
gr13_4 459582 460427
gr13_4 460498 462720
gr13_4 463165 463734
gr13_4 463753 464859
gr13_4 465155 467341
gr13_4 467636 467857
gr13_4 468211 468849
gr13_4 469021 469332
gr13_4 469434 469613
gr13_4 469654 470166
gr13_4 470317 470772
gr13_4 470974 471375
gr13_4 471583 472362
gr13_4 472349 473017
gr13_4 473320 473808
gr13_4 474011 474198
gr13_4 474239 475597
gr13_4 475903 476502
gr13_4 477004 478182
gr13_4 479000 480172
gr13_4 480340 481203
gr13_4 481305 482156
gr13_4 482161 482763
gr13_4 483052 483240
gr13_4 483682 484029
gr13_4 484221 485538
gr13_4 486022 487185
gr13_4 487378 488304
gr13_4 488393 488741
gr13_4 488842 489462
gr13_4 489636 490844
gr13_4 490951 491856
gr13_4 491925 492398
gr13_4 492577 493530
gr13_4 493612 494538
gr13_4 494544 495413
gr13_4 495572 496450
gr13_4 496550 498073
gr13_4 498429 498869
gr13_4 498985 499662
gr13_4 499659 500207
gr13_4 500269 500829
gr13_4 501428 501780
gr13_4 501911 502966
gr13_4 502974 503480
gr13_4 503757 505331
gr13_4 505624 505908
gr13_4 505936 506457
gr13_4 506567 507241
gr13_4 507375 507809
gr13_4 507957 508205
gr13_4 508362 508664
gr13_4 509101 509346
gr13_4 509343 510128
gr13_4 510164 511258
gr13_4 511461 511769
gr13_4 512000 512224
gr13_4 512308 512469
gr13_4 512563 513252
gr13_4 513473 514522
gr13_4 514634 515026
gr13_4 515056 515934
gr13_4 516134 517396
gr13_4 517473 518222
gr13_4 518219 519238
gr13_4 519494 520960
gr13_4 520997 522427
gr13_4 522705 523406
gr13_4 523403 524143
gr13_4 524140 524901
gr13_4 524925 525860
gr13_4 525903 527669
gr13_4 527822 529048
gr13_4 529214 529522
gr13_4 529617 531005
gr13_4 531025 531549
gr13_4 531901 532580
gr13_4 533536 534216
gr13_4 534378 534640
